"D:/Work/Projects/GCS_FatAttack/FatAttack/Content/UI/Shatter_Plain.uasset" 0
"D:/Work/Projects/GCS_FatAttack/FatAttack/Content/UI/Shatter_Plain_Font.uasset" 1
"D:/Work/Projects/GCS_FatAttack/FatAttack/Content/UI/UI_Load.uasset" 2
"D:/Work/Projects/GCS_FatAttack/FatAttack/Content/_Blueprints/LevelSystems/Savings/FPlayerSaveData.uasset" 3
"D:/Work/Projects/GCS_FatAttack/FatAttack/Content/_Blueprints/LevelSystems/Savings/Saves.uasset" 4
"D:/Work/Projects/GCS_FatAttack/FatAttack/Content/_Blueprints/LevelSystems/Savings/BP_saveGameObject.uasset" 5
"D:/Work/Projects/GCS_FatAttack/FatAttack/Content/_Blueprints/Guns/GunDataStructure/ProjectileDefinitions.uasset" 6
"D:/Work/Projects/GCS_FatAttack/FatAttack/Content/_Blueprints/Guns/GunDataStructure/GunDefinitions.uasset" 7
"D:/Work/Projects/GCS_FatAttack/FatAttack/Content/_Blueprints/Guns/GunDataStructure/WeaponDefinition.uasset" 8
"D:/Work/Projects/GCS_FatAttack/FatAttack/Content/_Assets/Enemies/PizzaMan/textures/MasterTexture_normals.uasset" 9
"D:/Work/Projects/GCS_FatAttack/FatAttack/Content/_Assets/Enemies/PizzaMan/textures/MasterTexture_ARM.uasset" 10
"D:/Work/Projects/GCS_FatAttack/FatAttack/Content/_Assets/Enemies/PizzaMan/textures/MasterTexture.uasset" 11
"D:/Work/Projects/GCS_FatAttack/FatAttack/Content/_Assets/Enemies/PizzaMan/textures/MasterTexture_Mat.uasset" 12
"D:/Work/Projects/GCS_FatAttack/FatAttack/Content/_Assets/Weapons/Pepperoni/PlayerPepperoni.uasset" 13
"D:/Work/Projects/GCS_FatAttack/FatAttack/Content/_Assets/Weapons/OliveCannon/Player/OliveCannon_Player_Skeleton.uasset" 14
"D:/Work/Projects/GCS_FatAttack/FatAttack/Content/_Assets/Weapons/OliveCannon/Player/OliveCannon_Player_PhysicsAsset.uasset" 15
"D:/Work/Projects/GCS_FatAttack/FatAttack/Content/_Assets/Weapons/OliveCannon/textures/Olive_Normal.uasset" 16
"D:/Work/Projects/GCS_FatAttack/FatAttack/Content/_Assets/Weapons/OliveCannon/textures/Olive_Base.uasset" 17
"D:/Work/Projects/GCS_FatAttack/FatAttack/Content/_Assets/Weapons/OliveCannon/textures/Olive_ARM.uasset" 18
"D:/Work/Projects/GCS_FatAttack/FatAttack/Content/_Assets/Weapons/OliveCannon/textures/M_OliveCannon.uasset" 19
"D:/Work/Projects/GCS_FatAttack/FatAttack/Content/_Assets/Weapons/OliveCannon/Player/OliveCannon_Player.uasset" 20
"D:/Work/Projects/GCS_FatAttack/FatAttack/Content/_Assets/Weapons/OliveCannon/OlivePit.uasset" 21
"D:/Work/Projects/GCS_FatAttack/FatAttack/Content/_Assets/Weapons/IceLaser/iscream_rigged_Skeleton.uasset" 22
"D:/Work/Projects/GCS_FatAttack/FatAttack/Content/_Assets/Weapons/IceLaser/textures/iscream_tosubstance_lambert1_BaseColor.uasset" 23
"D:/Work/Projects/GCS_FatAttack/FatAttack/Content/_Assets/Weapons/IceLaser/icelaser_translucent.uasset" 24
"D:/Work/Projects/GCS_FatAttack/FatAttack/Content/_Assets/Weapons/IceLaser/textures/iscream_tosubstance_lambert1_OcclusionRoughnessMetallic.uasset" 25
"D:/Work/Projects/GCS_FatAttack/FatAttack/Content/_Assets/Weapons/IceLaser/textures/iscream_tosubstance_lambert1_Normal.uasset" 26
"D:/Work/Projects/GCS_FatAttack/FatAttack/Content/_Assets/Weapons/IceLaser/icelaser_opaque.uasset" 27
"D:/Work/Projects/GCS_FatAttack/FatAttack/Content/_Assets/Weapons/IceLaser/iscream_rigged.uasset" 28
"D:/Work/Projects/GCS_FatAttack/FatAttack/Content/_Assets/Weapons/Carrot/SM_Carrot_Skeleton.uasset" 29
"D:/Work/Projects/GCS_FatAttack/FatAttack/Content/_Assets/Weapons/Carrot/SM_Carrot_PhysicsAsset.uasset" 30
"D:/Work/Projects/GCS_FatAttack/FatAttack/Content/_Assets/Weapons/Carrot/Carrot_Stick_lambert2_BaseColor.uasset" 31
"D:/Work/Projects/GCS_FatAttack/FatAttack/Content/_Assets/Weapons/Carrot/M_Carrot.uasset" 32
"D:/Work/Projects/GCS_FatAttack/FatAttack/Content/_Assets/Weapons/Carrot/SM_Carrot.uasset" 33
"D:/Work/Projects/GCS_FatAttack/FatAttack/Content/_Assets/Enemies/PizzaMan/PizzaPepperoni.uasset" 34
"D:/Work/Projects/GCS_FatAttack/FatAttack/Content/_Assets/DefaultFirstPerson/Materials/BaseMaterial.uasset" 35
"D:/Work/Projects/GCS_FatAttack/FatAttack/Content/_Assets/DefaultFirstPerson/Materials/FirstPersonProjectileMaterial.uasset" 36
"D:/Work/Projects/GCS_FatAttack/FatAttack/Content/_Assets/DefaultFirstPerson/Materials/FirstPersonProjectileMesh.uasset" 37
"D:/Work/Projects/GCS_FatAttack/FatAttack/Content/_Assets/DefaultFirstPerson/FPWeapon/Materials/MaterialLayers/T_ML_Rubber_Blue_01_D.uasset" 38
"D:/Work/Projects/GCS_FatAttack/FatAttack/Content/_Assets/DefaultFirstPerson/FPWeapon/Materials/MaterialLayers/T_ML_Aluminum01_N.uasset" 39
"D:/Work/Projects/GCS_FatAttack/FatAttack/Content/_Assets/DefaultFirstPerson/FPWeapon/Materials/MaterialLayers/T_ML_Aluminum01.uasset" 40
"D:/Work/Projects/GCS_FatAttack/FatAttack/Content/_Assets/DefaultFirstPerson/FPWeapon/Materials/MaterialLayers/ML_SoftMetal_UE4.uasset" 41
"D:/Work/Projects/GCS_FatAttack/FatAttack/Content/_Assets/DefaultFirstPerson/FPWeapon/Materials/MaterialLayers/ML_Screen.uasset" 42
"D:/Work/Projects/GCS_FatAttack/FatAttack/Content/_Assets/DefaultFirstPerson/FPWeapon/Materials/MaterialLayers/ML_Plastic_Shiny_Beige.uasset" 43
"D:/Work/Projects/GCS_FatAttack/FatAttack/Content/_Assets/DefaultFirstPerson/FPWeapon/Materials/MaterialLayers/T_ML_Rubber_Blue_01_N.uasset" 44
"D:/Work/Projects/GCS_FatAttack/FatAttack/Content/_Assets/DefaultFirstPerson/FPWeapon/Materials/MaterialLayers/ML_GlossyBlack_Latex_UE4.uasset" 45
"../../../Engine/Content/Functions/MaterialLayerFunctions/MatLayerBlend_Simple.uasset" 46
"../../../Engine/Content/Functions/Engine_MaterialFunctions02/Utility/BlendAngleCorrectedNormals.uasset" 47
"../../../Engine/Content/Functions/MaterialLayerFunctions/MatLayerBlend_NormalBlend.uasset" 48
"D:/Work/Projects/GCS_FatAttack/FatAttack/Content/_Assets/DefaultFirstPerson/FPWeapon/Textures/T_FPGun_N.uasset" 49
"D:/Work/Projects/GCS_FatAttack/FatAttack/Content/_Assets/DefaultFirstPerson/FPWeapon/Textures/T_FPGun_M.uasset" 50
"D:/Work/Projects/GCS_FatAttack/FatAttack/Content/_Assets/DefaultFirstPerson/FPWeapon/Materials/M_FPGun.uasset" 51
"D:/Work/Projects/GCS_FatAttack/FatAttack/Content/_Assets/DefaultFirstPerson/FPWeapon/Mesh/SK_FPGun_Skeleton.uasset" 52
"D:/Work/Projects/GCS_FatAttack/FatAttack/Content/_Assets/DefaultFirstPerson/FPWeapon/Mesh/SK_FPGun.uasset" 53
"D:/Work/Projects/GCS_FatAttack/FatAttack/Content/_Blueprints/Guns/Weapon_Table.uasset" 54
"../../../Engine/Content/EditorBlueprintResources/StandardMacros.uasset" 55
"D:/Work/Projects/GCS_FatAttack/FatAttack/Content/_Blueprints/Guns/BP_PickableGun.uasset" 56
"D:/Work/Projects/GCS_FatAttack/FatAttack/Content/_Blueprints/Guns/ProjectilePhysicsMaterial.uasset" 57
"D:/Work/Projects/GCS_FatAttack/FatAttack/Content/_Blueprints/BPI_Stats.uasset" 58
"D:/Work/Projects/GCS_FatAttack/FatAttack/Content/_Blueprints/Guns/BP_GenericProjectile.uasset" 59
"D:/Work/Projects/GCS_FatAttack/FatAttack/Content/_Assets/DefaultFirstPerson/Audio/FirstPersonTemplateWeaponFire02.uasset" 60
"D:/Work/Projects/GCS_FatAttack/FatAttack/Content/_Blueprints/Enemies/AI/E_EnemyType.uasset" 61
"D:/Work/Projects/GCS_FatAttack/FatAttack/Content/_Blueprints/Enemies/AI/E_EnemyList.uasset" 62
"D:/Work/Projects/GCS_FatAttack/FatAttack/Content/_Blueprints/Enemies/AI/F_EnemyData.uasset" 63
"D:/Work/Projects/GCS_FatAttack/FatAttack/Content/_Assets/Enemies/Hamburger/hamburger_Skeleton.uasset" 64
"D:/Work/Projects/GCS_FatAttack/FatAttack/Content/_Assets/Enemies/Hamburger/hamburger_PhysicsAsset.uasset" 65
"D:/Work/Projects/GCS_FatAttack/FatAttack/Content/_Assets/Enemies/Hamburger/textures/hamburger_normal.uasset" 66
"D:/Work/Projects/GCS_FatAttack/FatAttack/Content/_Assets/Enemies/Hamburger/textures/hamburger_base.uasset" 67
"D:/Work/Projects/GCS_FatAttack/FatAttack/Content/_Assets/Enemies/Hamburger/textures/hamburger_ARM.uasset" 68
"D:/Work/Projects/GCS_FatAttack/FatAttack/Content/_Assets/Enemies/Hamburger/textures/M_hamburger.uasset" 69
"D:/Work/Projects/GCS_FatAttack/FatAttack/Content/_Assets/Enemies/Hamburger/hamburger.uasset" 70
"D:/Work/Projects/GCS_FatAttack/FatAttack/Content/_Blueprints/LevelSystems/BP_HealthBonus.uasset" 71
"D:/Work/Projects/GCS_FatAttack/FatAttack/Content/_Blueprints/Enemies/AI/BP_PatrolPath.uasset" 72
"D:/Work/Projects/GCS_FatAttack/FatAttack/Content/_Blueprints/Enemies/AI/Tasks/BTTask_SenseIfPlayerNear.uasset" 73
"D:/Work/Projects/GCS_FatAttack/FatAttack/Content/_Blueprints/Enemies/AI/Tasks/BTTask_RotateToDefaultRotation.uasset" 74
"D:/Work/Projects/GCS_FatAttack/FatAttack/Content/_Blueprints/Enemies/AI/Tasks/BTTask_FindRandomPointInRange.uasset" 75
"D:/Work/Projects/GCS_FatAttack/FatAttack/Content/_Blueprints/Enemies/AI/Tasks/BTTask_FindPlayerDistance.uasset" 76
"D:/Work/Projects/GCS_FatAttack/FatAttack/Content/_Blueprints/Enemies/AI/E_ChaseStatus.uasset" 77
"D:/Work/Projects/GCS_FatAttack/FatAttack/Content/_Blueprints/Enemies/AI/Tasks/BTTask_ChangeStatus.uasset" 78
"D:/Work/Projects/GCS_FatAttack/FatAttack/Content/_Blueprints/Enemies/AI/Services/BTService_GetCharacteristics.uasset" 79
"D:/Work/Projects/GCS_FatAttack/FatAttack/Content/_Blueprints/Enemies/AI/Services/BTService_EnemyWake.uasset" 80
"D:/Work/Projects/GCS_FatAttack/FatAttack/Content/_Blueprints/Enemies/AI/E_EnemyStatus.uasset" 81
"D:/Work/Projects/GCS_FatAttack/FatAttack/Content/_Blueprints/Enemies/AI/Services/BTService_ChangeNPCSpeed.uasset" 82
"D:/Work/Projects/GCS_FatAttack/FatAttack/Content/_Blueprints/Enemies/AI/Services/BTService_Alert.uasset" 83
"D:/Work/Projects/GCS_FatAttack/FatAttack/Content/_Blueprints/Enemies/AI/Tasks/BTTask_Shoot.uasset" 84
"D:/Work/Projects/GCS_FatAttack/FatAttack/Content/_Blueprints/Enemies/AI/Tasks/BTTask_RotateToFaceEnemy.uasset" 85
"D:/Work/Projects/GCS_FatAttack/FatAttack/Content/_Blueprints/Enemies/AI/BB_Creature.uasset" 86
"D:/Work/Projects/GCS_FatAttack/FatAttack/Content/_Blueprints/Enemies/AI/Subtrees/BT_Hamburger.uasset" 87
"D:/Work/Projects/GCS_FatAttack/FatAttack/Content/_Blueprints/Enemies/AI/Subtrees/BT_SentrySeen.uasset" 88
"D:/Work/Projects/GCS_FatAttack/FatAttack/Content/_Blueprints/Enemies/AI/Tasks/BTTask_LoopPath.uasset" 89
"D:/Work/Projects/GCS_FatAttack/FatAttack/Content/_Blueprints/Enemies/AI/Tasks/BTTask_IncrementPath.uasset" 90
"D:/Work/Projects/GCS_FatAttack/FatAttack/Content/_Blueprints/Enemies/AI/Tasks/BTTask_FindPathPoint.uasset" 91
"D:/Work/Projects/GCS_FatAttack/FatAttack/Content/_Blueprints/Enemies/AI/Tasks/BTTask_DecrementPath.uasset" 92
"D:/Work/Projects/GCS_FatAttack/FatAttack/Content/_Blueprints/Enemies/AI/Subtrees/BT_Patrolpath.uasset" 93
"D:/Work/Projects/GCS_FatAttack/FatAttack/Content/_Blueprints/Enemies/AI/Tasks/BTTask_StopShoot.uasset" 94
"D:/Work/Projects/GCS_FatAttack/FatAttack/Content/_Blueprints/Enemies/AI/Tasks/BTTask_CanShoot.uasset" 95
"D:/Work/Projects/GCS_FatAttack/FatAttack/Content/_Blueprints/Enemies/AI/Tasks/BTTask_CalcWhereToMoveAfterShootV2.uasset" 96
"D:/Work/Projects/GCS_FatAttack/FatAttack/Content/_Blueprints/Enemies/AI/Tasks/BTTask_CalcWhereToMoveAfterShootV1.uasset" 97
"D:/Work/Projects/GCS_FatAttack/FatAttack/Content/_Blueprints/Enemies/AI/Tasks/BTTask_StopMelee.uasset" 98
"D:/Work/Projects/GCS_FatAttack/FatAttack/Content/_Blueprints/Enemies/AI/Tasks/BTTask_Melee.uasset" 99
"D:/Work/Projects/GCS_FatAttack/FatAttack/Content/_Blueprints/Enemies/AI/Tasks/BTTask_LocateWherePlayerSeen.uasset" 100
"D:/Work/Projects/GCS_FatAttack/FatAttack/Content/_Blueprints/Enemies/AI/Subtrees/BT_PizzaMan.uasset" 101
"D:/Work/Projects/GCS_FatAttack/FatAttack/Content/_Assets/SFX/Ketchup/ketchup_explosion.uasset" 102
"D:/Work/Projects/GCS_FatAttack/FatAttack/Content/_Assets/SFX/Ketchup/ketchup_alert.uasset" 103
"D:/Work/Projects/GCS_FatAttack/FatAttack/Content/_Assets/Enemies/KetchupMan/KetchupMan_PhysicsAsset.uasset" 104
"D:/Work/Projects/GCS_FatAttack/FatAttack/Content/_Assets/Enemies/KetchupMan/textures/bottle_Bottle_OcclusionRoughnessMetallic.uasset" 105
"D:/Work/Projects/GCS_FatAttack/FatAttack/Content/_Assets/Enemies/KetchupMan/textures/bottle_Bottle_Normal.uasset" 106
"D:/Work/Projects/GCS_FatAttack/FatAttack/Content/_Assets/Enemies/KetchupMan/textures/bottle_Bottle_Base2.uasset" 107
"D:/Work/Projects/GCS_FatAttack/FatAttack/Content/_Assets/Enemies/KetchupMan/textures/M_KetchupMan_Bottle.uasset" 108
"D:/Work/Projects/GCS_FatAttack/FatAttack/Content/_Assets/Enemies/KetchupMan/textures/therest_Vest_Normal.uasset" 109
"D:/Work/Projects/GCS_FatAttack/FatAttack/Content/_Assets/Enemies/KetchupMan/textures/therest_Vest_BaseColor.uasset" 110
"D:/Work/Projects/GCS_FatAttack/FatAttack/Content/_Assets/Enemies/KetchupMan/textures/therest_Vest2_OcclusionRoughnessMetallic.uasset" 111
"D:/Work/Projects/GCS_FatAttack/FatAttack/Content/_Assets/Enemies/KetchupMan/textures/M_Ketchup_Vest.uasset" 112
"D:/Work/Projects/GCS_FatAttack/FatAttack/Content/_Assets/Enemies/KetchupMan/textures/therest_BombAndCap_OcclusionRoughnessMetallic.uasset" 113
"D:/Work/Projects/GCS_FatAttack/FatAttack/Content/_Assets/Enemies/KetchupMan/textures/therest_BombAndCap_Normal.uasset" 114
"D:/Work/Projects/GCS_FatAttack/FatAttack/Content/_Assets/Enemies/KetchupMan/textures/therest_BombAndCap_Base.uasset" 115
"D:/Work/Projects/GCS_FatAttack/FatAttack/Content/_Assets/Enemies/KetchupMan/textures/M_Ketchup_Packets.uasset" 116
"D:/Work/Projects/GCS_FatAttack/FatAttack/Content/_Assets/Enemies/KetchupMan/KetchupMan_Skeleton.uasset" 117
"D:/Work/Projects/GCS_FatAttack/FatAttack/Content/_Assets/Enemies/KetchupMan/KetchupMan.uasset" 118
"D:/Work/Projects/GCS_FatAttack/FatAttack/Content/_Assets/SFX/SA_Master.uasset" 119
"D:/Work/Projects/GCS_FatAttack/FatAttack/Content/_Assets/SFX/Ketchup/ketchup_hop4.uasset" 120
"D:/Work/Projects/GCS_FatAttack/FatAttack/Content/_Assets/SFX/Ketchup/ketchup_hop3.uasset" 121
"D:/Work/Projects/GCS_FatAttack/FatAttack/Content/_Assets/SFX/Ketchup/ketchup_hop2.uasset" 122
"D:/Work/Projects/GCS_FatAttack/FatAttack/Content/_Assets/SFX/Ketchup/ketchup_hop1.uasset" 123
"D:/Work/Projects/GCS_FatAttack/FatAttack/Content/_Assets/SFX/Ketchup/SC_KetchupHop.uasset" 124
"../../../Engine/Content/Animation/DefaultAnimCurveCompressionSettings.uasset" 125
"../../../Engine/Content/Animation/DefaultAnimBoneCompressionSettings.uasset" 126
"D:/Work/Projects/GCS_FatAttack/FatAttack/Content/_Assets/Enemies/KetchupMan/animations/KetchupMan_Walk.uasset" 127
"D:/Work/Projects/GCS_FatAttack/FatAttack/Content/_Assets/Enemies/KetchupMan/animations/KetchupMan_Idle.uasset" 128
"D:/Work/Projects/GCS_FatAttack/FatAttack/Content/_Assets/Enemies/KetchupMan/ABP_KetchupMan.uasset" 129
"D:/Work/Projects/GCS_FatAttack/FatAttack/Content/_Blueprints/Enemies/BP_KetchupMan.uasset" 130
"D:/Work/Projects/GCS_FatAttack/FatAttack/Content/_Blueprints/Enemies/AI/Tasks/BTTask_KetchupMan_Explode.uasset" 131
"D:/Work/Projects/GCS_FatAttack/FatAttack/Content/_Blueprints/Enemies/AI/Tasks/BTTask_ChasePlayer.uasset" 132
"D:/Work/Projects/GCS_FatAttack/FatAttack/Content/_Blueprints/Enemies/AI/Subtrees/BT_Ketchup.uasset" 133
"D:/Work/Projects/GCS_FatAttack/FatAttack/Content/_Blueprints/Enemies/AI/Subtrees/BT_IceScream.uasset" 134
"D:/Work/Projects/GCS_FatAttack/FatAttack/Content/_Blueprints/Enemies/AI/Subtrees/BT_MobileSeen.uasset" 135
"D:/Work/Projects/GCS_FatAttack/FatAttack/Content/_Blueprints/Enemies/AI/BT_Creature.uasset" 136
"D:/Work/Projects/GCS_FatAttack/FatAttack/Content/_Blueprints/Enemies/AI/AIC_Creature.uasset" 137
"D:/Work/Projects/GCS_FatAttack/FatAttack/Content/_Assets/Enemies/KetchupMan/KetchupMan_Legacy/KetchupMan_Skeleton_LEGACY.uasset" 138
"D:/Work/Projects/GCS_FatAttack/FatAttack/Content/_Assets/Enemies/KetchupMan/KetchupMan_Legacy/KetchupMan_PhysicsAsset_LEGACY.uasset" 139
"D:/Work/Projects/GCS_FatAttack/FatAttack/Content/_Assets/Enemies/KetchupMan/KetchupMan_Legacy/string1.uasset" 140
"D:/Work/Projects/GCS_FatAttack/FatAttack/Content/_Assets/Enemies/KetchupMan/KetchupMan_Legacy/lambert1.uasset" 141
"D:/Work/Projects/GCS_FatAttack/FatAttack/Content/_Assets/Enemies/KetchupMan/KetchupMan_Legacy/Ketchuppacket.uasset" 142
"D:/Work/Projects/GCS_FatAttack/FatAttack/Content/_Assets/Enemies/KetchupMan/KetchupMan_Legacy/Ketchup_Packets.uasset" 143
"D:/Work/Projects/GCS_FatAttack/FatAttack/Content/_Assets/Enemies/KetchupMan/KetchupMan_Legacy/Ketchup_Base_Color.uasset" 144
"D:/Work/Projects/GCS_FatAttack/FatAttack/Content/_Assets/Enemies/KetchupMan/KetchupMan_Legacy/Ketchup_Base_Color_Mat.uasset" 145
"D:/Work/Projects/GCS_FatAttack/FatAttack/Content/_Assets/Enemies/KetchupMan/KetchupMan_Legacy/KetchupMan_LEGACY.uasset" 146
"D:/Work/Projects/GCS_FatAttack/FatAttack/Content/_Blueprints/Enemies/BP_Creature.uasset" 147
"D:/Work/Projects/GCS_FatAttack/FatAttack/Content/_Blueprints/Guns/BP_Weapon.uasset" 148
"D:/Work/Projects/GCS_FatAttack/FatAttack/Content/UI/Health/HealthBar.uasset" 149
"D:/Work/Projects/GCS_FatAttack/FatAttack/Content/UI/Health/HealthBar_Content.uasset" 150
"D:/Work/Projects/GCS_FatAttack/FatAttack/Content/UI/Health/UI_Health.uasset" 151
"D:/Work/Projects/GCS_FatAttack/FatAttack/Content/_Blueprints/Player/BP_FatMan.uasset" 152
"D:/Work/Projects/GCS_FatAttack/FatAttack/Content/_Blueprints/BP_GameInstance.uasset" 153
"D:/Work/Projects/GCS_FatAttack/FatAttack/Content/_Blueprints/BP_CommonFuncs.uasset" 154
"D:/Work/Projects/GCS_FatAttack/FatAttack/Content/UI/UI_PauseMenu.uasset" 155
"D:/Work/Projects/GCS_FatAttack/FatAttack/Content/_Assets/SFX/Player/MainCharacter/Damaged/fat_dmg-29.uasset" 156
"D:/Work/Projects/GCS_FatAttack/FatAttack/Content/_Assets/SFX/Player/MainCharacter/Damaged/fat_dmg-28.uasset" 157
"D:/Work/Projects/GCS_FatAttack/FatAttack/Content/_Assets/SFX/Player/MainCharacter/Damaged/fat_dmg-27.uasset" 158
"D:/Work/Projects/GCS_FatAttack/FatAttack/Content/_Assets/SFX/Player/MainCharacter/Damaged/fat_dmg-26.uasset" 159
"D:/Work/Projects/GCS_FatAttack/FatAttack/Content/_Assets/SFX/Player/MainCharacter/Damaged/fat_dmg-25.uasset" 160
"D:/Work/Projects/GCS_FatAttack/FatAttack/Content/_Assets/SFX/Player/MainCharacter/Damaged/fat_dmg-24.uasset" 161
"D:/Work/Projects/GCS_FatAttack/FatAttack/Content/_Assets/SFX/Player/MainCharacter/Damaged/fat_dmg-23.uasset" 162
"D:/Work/Projects/GCS_FatAttack/FatAttack/Content/_Assets/SFX/Player/MainCharacter/Damaged/fat_dmg-22.uasset" 163
"D:/Work/Projects/GCS_FatAttack/FatAttack/Content/_Assets/SFX/Player/MainCharacter/Damaged/fat_dmg-21.uasset" 164
"D:/Work/Projects/GCS_FatAttack/FatAttack/Content/_Assets/SFX/Player/MainCharacter/Damaged/fat_dmg-20.uasset" 165
"D:/Work/Projects/GCS_FatAttack/FatAttack/Content/_Assets/SFX/Player/MainCharacter/Damaged/fat_dmg-19.uasset" 166
"D:/Work/Projects/GCS_FatAttack/FatAttack/Content/_Assets/SFX/Player/MainCharacter/Damaged/fat_dmg-18.uasset" 167
"D:/Work/Projects/GCS_FatAttack/FatAttack/Content/_Assets/SFX/Player/MainCharacter/Damaged/fat_dmg-17.uasset" 168
"D:/Work/Projects/GCS_FatAttack/FatAttack/Content/_Assets/SFX/Player/MainCharacter/Damaged/fat_dmg-16.uasset" 169
"D:/Work/Projects/GCS_FatAttack/FatAttack/Content/_Assets/SFX/Player/MainCharacter/Damaged/fat_dmg-15.uasset" 170
"D:/Work/Projects/GCS_FatAttack/FatAttack/Content/_Assets/SFX/Player/MainCharacter/Damaged/fat_dmg-14.uasset" 171
"D:/Work/Projects/GCS_FatAttack/FatAttack/Content/_Assets/SFX/Player/MainCharacter/Damaged/fat_dmg-13.uasset" 172
"D:/Work/Projects/GCS_FatAttack/FatAttack/Content/_Assets/SFX/Player/MainCharacter/Damaged/fat_dmg-12.uasset" 173
"D:/Work/Projects/GCS_FatAttack/FatAttack/Content/_Assets/SFX/Player/MainCharacter/Damaged/fat_dmg-11.uasset" 174
"D:/Work/Projects/GCS_FatAttack/FatAttack/Content/_Assets/SFX/Player/MainCharacter/Damaged/fat_dmg-10.uasset" 175
"D:/Work/Projects/GCS_FatAttack/FatAttack/Content/_Assets/SFX/Player/MainCharacter/Damaged/fat_dmg-09.uasset" 176
"D:/Work/Projects/GCS_FatAttack/FatAttack/Content/_Assets/SFX/Player/MainCharacter/Damaged/fat_dmg-08.uasset" 177
"D:/Work/Projects/GCS_FatAttack/FatAttack/Content/_Assets/SFX/Player/MainCharacter/Damaged/fat_dmg-05.uasset" 178
"D:/Work/Projects/GCS_FatAttack/FatAttack/Content/_Assets/SFX/Player/MainCharacter/Damaged/fat_dmg-04.uasset" 179
"D:/Work/Projects/GCS_FatAttack/FatAttack/Content/_Assets/SFX/Player/MainCharacter/Damaged/fat_dmg-03.uasset" 180
"D:/Work/Projects/GCS_FatAttack/FatAttack/Content/_Assets/SFX/Player/MainCharacter/Damaged/fat_dmg-02.uasset" 181
"D:/Work/Projects/GCS_FatAttack/FatAttack/Content/_Assets/SFX/Player/MainCharacter/Damaged/fat_dmg-01.uasset" 182
"D:/Work/Projects/GCS_FatAttack/FatAttack/Content/_Assets/SFX/Player/MainCharacter/Damaged/SC_Damage.uasset" 183
"D:/Work/Projects/GCS_FatAttack/FatAttack/Content/_Assets/SFX/Player/MainCharacter/fat_death1.uasset" 184
"D:/Work/Projects/GCS_FatAttack/FatAttack/Content/_Assets/Arms/M_arms_Skeleton.uasset" 185
"D:/Work/Projects/GCS_FatAttack/FatAttack/Content/_Assets/Arms/Animations/anim_arm_melee_test.uasset" 186
"D:/Work/Projects/GCS_FatAttack/FatAttack/Content/_Assets/Arms/Animations/anim_arm_run.uasset" 187
"D:/Work/Projects/GCS_FatAttack/FatAttack/Content/_Assets/Arms/Animations/anim_arm_melee_idle.uasset" 188
"D:/Work/Projects/GCS_FatAttack/FatAttack/Content/_Assets/Arms/Animations/anim_arm_melee_attack.uasset" 189
"D:/Work/Projects/GCS_FatAttack/FatAttack/Content/_Assets/Arms/Animations/anim_arm_jump_start.uasset" 190
"D:/Work/Projects/GCS_FatAttack/FatAttack/Content/_Assets/Arms/Animations/anim_arm_jump_land.uasset" 191
"D:/Work/Projects/GCS_FatAttack/FatAttack/Content/_Assets/Arms/Animations/anim_arm_jump_idle.uasset" 192
"D:/Work/Projects/GCS_FatAttack/FatAttack/Content/_Assets/Arms/Animations/anim_arm_idle.uasset" 193
"D:/Work/Projects/GCS_FatAttack/FatAttack/Content/_Assets/Arms/Animations/anim_arm_fire.uasset" 194
"D:/Work/Projects/GCS_FatAttack/FatAttack/Content/_Assets/Arms/Animations/AnimBP_arms.uasset" 195
"D:/Work/Projects/GCS_FatAttack/FatAttack/Content/_Assets/Arms/M_arms_PhysicsAsset.uasset" 196
"D:/Work/Projects/GCS_FatAttack/FatAttack/Content/_Assets/Arms/textures/M_arms_male_muscle_13290_OcclusionRoughnessMetallic.uasset" 197
"D:/Work/Projects/GCS_FatAttack/FatAttack/Content/_Assets/Arms/textures/M_arms_male_muscle_13290_Normal.uasset" 198
"D:/Work/Projects/GCS_FatAttack/FatAttack/Content/_Assets/Arms/textures/M_arms_male_muscle_13290_BaseColor.uasset" 199
"D:/Work/Projects/GCS_FatAttack/FatAttack/Content/_Assets/Arms/male_muscle_13290.uasset" 200
"D:/Work/Projects/GCS_FatAttack/FatAttack/Content/_Assets/Arms/M_arms.uasset" 201
"D:/Work/Projects/GCS_FatAttack/FatAttack/Content/_Blueprints/Player/BP_Player.uasset" 202
"D:/Work/Projects/GCS_FatAttack/FatAttack/Content/UI/UI_Health.uasset" 203
"D:/Work/Projects/GCS_FatAttack/FatAttack/Content/UI/UI_LoadingScreen.uasset" 204
"D:/Work/Projects/GCS_FatAttack/FatAttack/Content/UI/Health/UI_Splatter.uasset" 205
"../../../Engine/Content/Functions/Engine_MaterialFunctions01/Opacity/CameraDepthFade.uasset" 206
"../../../Engine/Content/EngineMaterials/T_Default_Material_Grid_N.uasset" 207
"../../../Engine/Content/EngineMaterials/T_Default_Material_Grid_M.uasset" 208
"../../../Engine/Content/EngineMaterials/WorldGridMaterial.uasset" 209
"../../../Engine/Content/ArtTools/RenderToTexture/Meshes/S_1_Unit_Plane.uasset" 210
"../../../Engine/Content/EngineMaterials/DefaultMaterial.uasset" 211
"../../../Engine/Content/BasicShapes/Cone.uasset" 212
"../../../Engine/Content/BasicShapes/Plane.uasset" 213
"../../../Engine/Content/BasicShapes/Sphere.uasset" 214
"../../../Engine/Content/EditorLandscapeResources/DataLayer.uasset" 215
"../../../Engine/Content/EditorLandscapeResources/DefaultAlphaTexture.uasset" 216
"../../../Engine/Content/EditorMaterials/MAT_Groups_Toggle.uasset" 217
"../../../Engine/Content/EditorMaterials/MAT_Groups_Visibility.uasset" 218
"../../../Engine/Content/EditorMaterials/PreviewShadowIndicator.uasset" 219
"../../../Engine/Content/EditorMaterials/PreviewShadowIndicatorMaterial.uasset" 220
"../../../Engine/Content/EditorMaterials/MatineeGroups/MAT_ColorTrack.uasset" 221
"../../../Engine/Content/EditorMaterials/MatineeGroups/MAT_Groups_Anim.uasset" 222
"../../../Engine/Content/EditorMaterials/MatineeGroups/MAT_Groups_AudioMaster.uasset" 223
"../../../Engine/Content/EditorMaterials/MatineeGroups/MAT_Groups_Director.uasset" 224
"../../../Engine/Content/EditorMaterials/MatineeGroups/MAT_Groups_Event.uasset" 225
"../../../Engine/Content/EditorMaterials/MatineeGroups/MAT_Groups_Fade.uasset" 226
"../../../Engine/Content/EditorMaterials/MatineeGroups/MAT_Groups_Float.uasset" 227
"../../../Engine/Content/EditorMaterials/MatineeGroups/MAT_Groups_Move.uasset" 228
"../../../Engine/Content/EditorMaterials/MatineeGroups/MAT_Groups_Slomo.uasset" 229
"../../../Engine/Content/EditorMaterials/MatineeGroups/MAT_Groups_Sound.uasset" 230
"../../../Engine/Content/EditorMaterials/MatineeGroups/MAT_Groups_Vector.uasset" 231
"../../../Engine/Content/EditorMaterials/ParticleSystems/PSysThumbnail_NoImage.uasset" 232
"../../../Engine/Content/EditorMaterials/ParticleSystems/PSysThumbnail_OOD.uasset" 233
"../../../Engine/Content/EditorMaterials/Camera/CineMat.uasset" 234
"../../../Engine/Content/EditorMaterials/Camera/MI_CineMat_Rig.uasset" 235
"../../../Engine/Content/EditorMeshes/Camera/SM_CraneRig_Arm.uasset" 236
"../../../Engine/Content/EditorMeshes/Camera/SM_CraneRig_Base.uasset" 237
"../../../Engine/Content/EditorMeshes/Camera/SM_CraneRig_Body.uasset" 238
"../../../Engine/Content/EditorMeshes/Camera/SM_CraneRig_Mount.uasset" 239
"../../../Engine/Content/EditorMeshes/Camera/SM_RailRig_Mount.uasset" 240
"../../../Engine/Content/EditorMeshes/Camera/SM_RailRig_Track.uasset" 241
"../../../Engine/Content/EditorResources/BSPVertex.uasset" 242
"../../../Engine/Content/EditorResources/EmptyActor.uasset" 243
"../../../Engine/Content/EditorResources/S_Actor.uasset" 244
"../../../Engine/Content/EditorResources/S_KHinge.uasset" 245
"../../../Engine/Content/EditorResources/S_Note.uasset" 246
"../../../Engine/Content/EditorResources/S_Solver.uasset" 247
"../../../Engine/Content/EditorResources/S_Terrain.uasset" 248
"../../../Engine/Content/EditorResources/S_Trigger.uasset" 249
"../../../Engine/Content/EditorResources/AudioIcons/S_AudioComponent_AutoActivate.uasset" 250
"../../../Engine/Content/EditorResources/LightIcons/S_LightError.uasset" 251
"../../../Engine/Content/EditorResources/SequenceRecorder/Countdown.uasset" 252
"../../../Engine/Content/EditorResources/SequenceRecorder/RecordingIndicator.uasset" 253
"../../../Engine/Content/EngineDamageTypes/DmgTypeBP_Environmental.uasset" 254
"../../../Engine/Content/EngineDebugMaterials/DebugEditorMaterial.uasset" 255
"../../../Engine/Content/EngineDebugMaterials/DebugMeshMaterial.uasset" 256
"../../../Engine/Content/EngineDebugMaterials/M_SimpleUnlitTranslucent.uasset" 257
"../../../Engine/Content/EngineDebugMaterials/VolumeToRender.uasset" 258
"../../../Engine/Content/Functions/Engine_MaterialFunctions02/Utility/CameraDirectionVector.uasset" 259
"../../../Engine/Content/EngineDebugMaterials/M_VolumeRenderSphereTracePP.uasset" 260
"../../../Engine/Content/Functions/Engine_MaterialFunctions01/Shading/ConvertFromDiffSpec.uasset" 261
"../../../Engine/Content/EngineDebugMaterials/VertexColorMaterial.uasset" 262
"../../../Engine/Content/EngineDebugMaterials/WireframeMaterial.uasset" 263
"../../../Engine/Content/EngineFonts/Faces/RobotoRegular.uasset" 264
"../../../Engine/Content/EngineFonts/Faces/RobotoLight.uasset" 265
"../../../Engine/Content/EngineFonts/Faces/RobotoItalic.uasset" 266
"../../../Engine/Content/EngineFonts/Faces/RobotoBoldItalic.uasset" 267
"../../../Engine/Content/EngineFonts/Faces/RobotoBold.uasset" 268
"../../../Engine/Content/EngineFonts/Faces/DroidSansFallback.uasset" 269
"../../../Engine/Content/EngineFonts/Roboto.uasset" 270
"../../../Engine/Content/EngineMaterials/BaseFlattenNormalMap.uasset" 271
"../../../Engine/Content/EngineMaterials/BaseFlattenGrayscaleMap.uasset" 272
"../../../Engine/Content/EngineMaterials/BaseFlattenEmissiveMap.uasset" 273
"../../../Engine/Content/EngineMaterials/BaseFlattenDiffuseMap.uasset" 274
"../../../Engine/Content/EngineMaterials/BaseFlattenMaterial.uasset" 275
"../../../Engine/Content/EngineMaterials/BlueNoise.uasset" 276
"../../../Engine/Content/EngineMaterials/DefaultBloomKernel.uasset" 277
"../../../Engine/Content/EngineMaterials/DefaultBokeh.uasset" 278
"../../../Engine/Content/EngineMaterials/DefaultDiffuse.uasset" 279
"../../../Engine/Content/EngineMaterials/DefaultDeferredDecalMaterial.uasset" 280
"../../../Engine/Content/EngineMaterials/DefaultLightFunctionMaterial.uasset" 281
"../../../Engine/Content/Functions/Engine_MaterialFunctions02/Utility/BreakOutFloat2Components.uasset" 282
"../../../Engine/Content/EngineMaterials/DefaultPostProcessMaterial.uasset" 283
"../../../Engine/Content/EngineFonts/RobotoDistanceField.uasset" 284
"../../../Engine/Content/EngineMaterials/DefaultTextMaterialOpaque.uasset" 285
"../../../Engine/Content/EngineMaterials/DefaultWhiteGrid.uasset" 286
"../../../Engine/Content/EngineMaterials/DefaultWhiteGrid_Low.uasset" 287
"../../../Engine/Content/EngineMaterials/EmissiveMeshMaterial.uasset" 288
"../../../Engine/Content/EngineMaterials/GizmoMaterial.uasset" 289
"../../../Engine/Content/EngineMaterials/Good64x64TilingNoiseHighFreq.uasset" 290
"../../../Engine/Content/EngineMaterials/MiniFont.uasset" 291
"../../../Engine/Content/EngineMaterials/InvalidLightmapSettings.uasset" 292
"../../../Engine/Content/EngineMaterials/M_InvalidLightmapSettings.uasset" 293
"../../../Engine/Content/Functions/Engine_MaterialFunctions02/WorldPositionOffset/CameraOffset.uasset" 294
"../../../Engine/Content/EngineMaterials/PhAT_JointLimitMaterial.uasset" 295
"../../../Engine/Content/EngineMaterials/PreintegratedSkinBRDF.uasset" 296
"../../../Engine/Content/EngineMaterials/RemoveSurfaceMaterial.uasset" 297
"../../../Engine/Content/EngineMaterials/WeightMapPlaceholderTexture.uasset" 298
"../../../Engine/Content/EngineResources/WhiteSquareTexture.uasset" 299
"../../../Engine/Content/EngineMaterials/Widget3DPassThrough.uasset" 300
"../../../Engine/Content/EngineMaterials/Widget3DPassThrough_Masked.uasset" 301
"../../../Engine/Content/EngineMaterials/Widget3DPassThrough_Opaque.uasset" 302
"../../../Engine/Content/EngineMaterials/Widget3DPassThrough_Masked_OneSided.uasset" 303
"../../../Engine/Content/EngineMaterials/Widget3DPassThrough_Opaque_OneSided.uasset" 304
"../../../Engine/Content/EngineMaterials/Widget3DPassThrough_Translucent.uasset" 305
"../../../Engine/Content/EngineMaterials/Widget3DPassThrough_Translucent_OneSided.uasset" 306
"../../../Engine/Content/EngineMeshes/Cylinder.uasset" 307
"../../../Engine/Content/EngineMeshes/Sphere.uasset" 308
"../../../Engine/Content/EngineResources/Black.uasset" 309
"../../../Engine/Content/EngineResources/DefaultTextureCube.uasset" 310
"../../../Engine/Content/EngineResources/DefaultVolumeTexture2D.uasset" 311
"../../../Engine/Content/EngineResources/DefaultVolumeTexture.uasset" 312
"../../../Engine/Content/EngineResources/GradientTexture0.uasset" 313
"../../../Engine/Content/EngineSky/VolumetricClouds/T_NoiseShape64.uasset" 314
"../../../Engine/Content/EngineSky/VolumetricClouds/T_VolumeNoiseShape64.uasset" 315
"../../../Engine/Content/EngineSky/VolumetricClouds/T_NoiseErosion.uasset" 316
"../../../Engine/Content/EngineSky/VolumetricClouds/T_VolumeNoiseErosion32.uasset" 317
"../../../Engine/Content/EngineSky/VolumetricClouds/CloudWeatherTexture.uasset" 318
"../../../Engine/Content/EngineSky/VolumetricClouds/CloudGradientTexture.uasset" 319
"../../../Engine/Content/Functions/Engine_MaterialFunctions02/Utility/MakeFloat2.uasset" 320
"../../../Engine/Content/EngineSky/VolumetricClouds/m_SimpleVolumetricCloud.uasset" 321
"../../../Engine/Content/EngineSky/VolumetricClouds/m_SimpleVolumetricCloud_Inst.uasset" 322
"../../../Engine/Content/EngineSounds/Master.uasset" 323
"../../../Engine/Content/Functions/Engine_MaterialFunctions01/Shading/PowerToRoughness.uasset" 324
"../../../Engine/Content/Maps/Templates/Thumbnails/Default.uasset" 325
"../../../Engine/Content/Maps/Templates/Thumbnails/TimeOfDay.uasset" 326
"../../../Engine/Content/Maps/Templates/Thumbnails/VR-Basic.uasset" 327
"../../../Engine/Content/MobileResources/T_MobileControls_texture.uasset" 328
"../../../Engine/Content/MobileResources/T_MobileMenu2.uasset" 329
"../../../Engine/Content/MobileResources/HUD/AnalogHat.uasset" 330
"../../../Engine/Content/MobileResources/HUD/VirtualJoystick_Thumb.uasset" 331
"../../../Engine/Content/MobileResources/HUD/VirtualJoystick_Background.uasset" 332
"../../../Engine/Content/MobileResources/HUD/DefaultVirtualJoysticks.uasset" 333
"../../../Engine/Content/MobileResources/HUD/LeftVirtualJoystickOnly.uasset" 334
"../../../Engine/Content/MobileResources/HUD/MobileHUDButton1_off.uasset" 335
"../../../Engine/Content/MobileResources/HUD/MobileHUDButton1_on.uasset" 336
"../../../Engine/Content/MobileResources/HUD/MobileHUDButton2_off.uasset" 337
"../../../Engine/Content/MobileResources/HUD/MobileHUDButton2_on.uasset" 338
"../../../Engine/Content/MobileResources/HUD/MobileHUDButton3.uasset" 339
"../../../Engine/Content/MobileResources/HUD/MobileHUDButtonFire.uasset" 340
"../../../Engine/Content/MobileResources/HUD/MobileHUDDirectionPad.uasset" 341
"../../../Engine/Content/MobileResources/HUD/MobileHUDDirectionPad2.uasset" 342
"../../../Engine/Content/MobileResources/HUD/MobileHUDDirectionPad3.uasset" 343
"../../../Engine/Content/MobileResources/HUD/MobileHUDDirectionStick.uasset" 344
"../../../Engine/Content/MobileResources/HUD/T_Castle_ThumbstickInner.uasset" 345
"../../../Engine/Content/MobileResources/HUD/T_Castle_ThumbstickOutter.uasset" 346
"../../../Engine/Content/Tutorial/ContentIntroCurve.uasset" 347
"../../../Engine/Content/Tutorial/Basics/LevelEditorAttract.uasset" 348
"../../../Engine/Content/VREditor/TransformGizmo/TranslucentTransformGizmoMaterial.uasset" 349
"../../../Engine/Content/VREditor/LaserPointer/VR_LaserPower_01.uasset" 350
"../../../Engine/Content/VREditor/TransformGizmo/TransformGizmoMaterial.uasset" 351
"../../../Engine/Content/VREditor/TransformGizmo/BoundingBoxCorner.uasset" 352
"../../../Engine/Content/VREditor/TransformGizmo/BoundingBoxEdge.uasset" 353
"../../../Engine/Content/VREditor/TransformGizmo/PlaneTranslationHandle.uasset" 354
"../../../Engine/Content/VREditor/TransformGizmo/Xray.uasset" 355
"../../../Engine/Content/VREditor/TransformGizmo/Main.uasset" 356
"../../../Engine/Content/VREditor/TransformGizmo/SM_Sequencer_Key.uasset" 357
"../../../Engine/Content/VREditor/TransformGizmo/SM_Sequencer_Node.uasset" 358
"../../Plugins/2D/Paper2D/Content/PlaceholderTextures/DummySpriteTexture.uasset" 359
"../../Plugins/2D/Paper2D/Content/DummySprite.uasset" 360
"../../Plugins/2D/Paper2D/Content/DefaultPaperTerrainMaterial.uasset" 361
"../../Plugins/2D/Paper2D/Content/DefaultSpriteMaterial.uasset" 362
"../../Plugins/2D/Paper2D/Content/MaskedUnlitSpriteMaterial.uasset" 363
"../../Plugins/2D/Paper2D/Content/OpaqueUnlitSpriteMaterial.uasset" 364
"../../../Engine/Content/Functions/Engine_MaterialFunctions02/Utility/BreakOutFloat3Components.uasset" 365
"../../Plugins/Editor/SpeedTreeImporter/Content/SpeedTree9/UnpackInteger3.uasset" 366
"../../Plugins/Editor/SpeedTreeImporter/Content/SpeedTree9/UnpackDirection.uasset" 367
"../../Plugins/Editor/SpeedTreeImporter/Content/SpeedTree9/game_wind_noise.uasset" 368
"../../../Engine/Content/Functions/Engine_MaterialFunctions02/SafeNormalize.uasset" 369
"../../Plugins/Editor/SpeedTreeImporter/Content/SpeedTree9/SpeedTreeWindMotion.uasset" 370
"../../Plugins/Editor/SpeedTreeImporter/Content/SpeedTree9/SpeedTreeBranchMotion.uasset" 371
"../../Plugins/Editor/SpeedTreeImporter/Content/SpeedTree9/SpeedTreeBillboard.uasset" 372
"../../../Engine/Content/Functions/Engine_MaterialFunctions02/ObjectLocalBounds.uasset" 373
"../../../Engine/Content/Functions/Engine_MaterialFunctions02/UVs/BoundingBoxBased_0-1_UVW.uasset" 374
"../../Plugins/Editor/SpeedTreeImporter/Content/SpeedTree9/SpeedTreeWind.uasset" 375
"../../../Engine/Content/EngineResources/DefaultTexture.uasset" 376
"../../Plugins/Editor/SpeedTreeImporter/Content/SpeedTree9/SpeedTreeBillboardMaster.uasset" 377
"../../Plugins/Editor/SpeedTreeImporter/Content/SpeedTree9/SpeedTreeCameraFacing.uasset" 378
"../../Plugins/Editor/SpeedTreeImporter/Content/SpeedTree9/SpeedTreeMaster.uasset" 379
"../../../Engine/Content/BasicShapes/Cylinder.uasset" 380
"../../../Engine/Content/ArtTools/RenderToTexture/Materials/Debug/M_Emissive_Color.uasset" 381
"../../Plugins/Lumin/MagicLeapPassableWorld/Content/MagicLeapARPinInfoActor.uasset" 382
"../../../Engine/Content/EngineSky/T_Sky_Blue.uasset" 383
"../../../Engine/Content/EngineSky/T_Sky_Clouds_M.uasset" 384
"../../../Engine/Content/EngineSky/T_Sky_Stars.uasset" 385
"../../../Engine/Content/EngineSky/M_Sky_Panning_Clouds2.uasset" 386
"../../../Engine/Content/EngineSky/SM_SkySphere.uasset" 387
"../../../Engine/Content/EngineSky/C_Sky_Zenith_Color.uasset" 388
"../../../Engine/Content/EngineSky/C_Sky_Horizon_Color.uasset" 389
"../../../Engine/Content/EngineSky/C_Sky_Cloud_Color.uasset" 390
"../../../Engine/Content/EngineSky/BP_Sky_Sphere.uasset" 391
"../../../Engine/Content/BasicShapes/BasicShapeMaterial.uasset" 392
"../../../Engine/Content/BasicShapes/Cube.uasset" 393
"../../../Engine/Content/MapTemplates/SM_Template_Map_Floor.uasset" 394
"D:/Work/Projects/GCS_FatAttack/FatAttack/Content/_Maps/bakerylevel_BuiltData.uasset" 395
"D:/Work/Projects/GCS_FatAttack/FatAttack/Content/_Blueprints/LevelSystems/IMG_CheckPoint.uasset" 396
"D:/Work/Projects/GCS_FatAttack/FatAttack/Content/_Blueprints/LevelSystems/BP_LoadToLevel.uasset" 397
"D:/Work/Projects/GCS_FatAttack/FatAttack/Content/_Assets/Environment/Level1/ceilingMetal.uasset" 398
"D:/Work/Projects/GCS_FatAttack/FatAttack/Content/_Assets/DefaultMeshes/SM_Door.uasset" 399
"D:/Work/Projects/GCS_FatAttack/FatAttack/Content/_Blueprints/Environment/BP_Elevator.uasset" 400
"D:/Work/Projects/GCS_FatAttack/FatAttack/Content/_Assets/StoreAssets/Materials/MM_Glass_01_Mat.uasset" 401
"D:/Work/Projects/GCS_FatAttack/FatAttack/Content/_Assets/Environment/ExitSign/exitSign.uasset" 402
"D:/Work/Projects/GCS_FatAttack/FatAttack/Content/_Assets/Environment/ExitSign/exitSign_Mat.uasset" 403
"D:/Work/Projects/GCS_FatAttack/FatAttack/Content/_Assets/Environment/ExitSign/signExit_a.uasset" 404
"D:/Work/Projects/GCS_FatAttack/FatAttack/Content/_Assets/Enemies/IceScream/iceScream_model_PhysicsAsset.uasset" 405
"D:/Work/Projects/GCS_FatAttack/FatAttack/Content/_Assets/Enemies/IceScream/Textures/hello_lambert1_OcclusionRoughnessMetallic.uasset" 406
"D:/Work/Projects/GCS_FatAttack/FatAttack/Content/_Assets/Enemies/IceScream/Textures/hello_lambert1_Normal.uasset" 407
"D:/Work/Projects/GCS_FatAttack/FatAttack/Content/_Assets/Enemies/IceScream/Textures/hello_lambert1_BaseColor.uasset" 408
"D:/Work/Projects/GCS_FatAttack/FatAttack/Content/_Assets/Enemies/IceScream/M_ice.uasset" 409
"D:/Work/Projects/GCS_FatAttack/FatAttack/Content/_Assets/Enemies/IceScream/iceScream_model_Skeleton.uasset" 410
"D:/Work/Projects/GCS_FatAttack/FatAttack/Content/_Assets/Enemies/IceScream/iceScream_model.uasset" 411
"D:/Work/Projects/GCS_FatAttack/FatAttack/Content/_Assets/Enemies/IceScream/Animations/anim_ice_move.uasset" 412
"D:/Work/Projects/GCS_FatAttack/FatAttack/Content/_Assets/Enemies/IceScream/Animations/anim_ice_idle.uasset" 413
"D:/Work/Projects/GCS_FatAttack/FatAttack/Content/_Assets/Enemies/IceScream/Animations/anim_ice_attack.uasset" 414
"D:/Work/Projects/GCS_FatAttack/FatAttack/Content/_Assets/Enemies/IceScream/ABP_IceScream.uasset" 415
"D:/Work/Projects/GCS_FatAttack/FatAttack/Content/_Blueprints/Enemies/BP_IceScream.uasset" 416
"D:/Work/Projects/GCS_FatAttack/FatAttack/Content/_Maps/bakerylevel.umap" 417
"D:/Work/Projects/GCS_FatAttack/FatAttack/Content/_Maps/bakerylevel_FINAL_BuiltData.uasset" 418
"../../../Engine/Content/BasicShapes/Cube1.uasset" 419
"D:/Work/Projects/GCS_FatAttack/FatAttack/Content/_Blueprints/LevelSystems/IMG_Save.uasset" 420
"D:/Work/Projects/GCS_FatAttack/FatAttack/Content/_Blueprints/LevelSystems/BP_Checkpoint.uasset" 421
"D:/Work/Projects/GCS_FatAttack/FatAttack/Content/_Blueprints/Environment/Lava.uasset" 422
"D:/Work/Projects/GCS_FatAttack/FatAttack/Content/_Assets/Environment/Doors/lambert4.uasset" 423
"D:/Work/Projects/GCS_FatAttack/FatAttack/Content/_Assets/Environment/Doors/lambert3.uasset" 424
"D:/Work/Projects/GCS_FatAttack/FatAttack/Content/_Assets/Environment/Doors/CabinDoorAndFrame_DoorFrame.uasset" 425
"D:/Work/Projects/GCS_FatAttack/FatAttack/Content/_Assets/Environment/Doors/CabinDoorAndFrame_Door.uasset" 426
"D:/Work/Projects/GCS_FatAttack/FatAttack/Content/_Blueprints/Environment/BP_Door.uasset" 427
"D:/Work/Projects/GCS_FatAttack/FatAttack/Content/_Blueprints/Environment/Lights/BP_LightTemplate.uasset" 428
"D:/Work/Projects/GCS_FatAttack/FatAttack/Content/_Assets/StoreAssets/textures/T_MarketBuilding_Diff.uasset" 429
"D:/Work/Projects/GCS_FatAttack/FatAttack/Content/_Assets/StoreAssets/textures/T_MarketBuilding_NRM.uasset" 430
"D:/Work/Projects/GCS_FatAttack/FatAttack/Content/_Assets/StoreAssets/textures/T_MarketBuilding_PBR.uasset" 431
"../../../Engine/Content/Functions/Engine_MaterialFunctions01/Gradient/LinearGradient.uasset" 432
"../../../Engine/Content/Functions/Engine_MaterialFunctions01/ImageAdjustment/CheapContrast.uasset" 433
"D:/Work/Projects/GCS_FatAttack/FatAttack/Content/_Assets/StoreAssets/Materials/MM_SMBuilding_Mat.uasset" 434
"D:/Work/Projects/GCS_FatAttack/FatAttack/Content/_Assets/StoreAssets/textures/T_FluorescentLight_PBR.uasset" 435
"D:/Work/Projects/GCS_FatAttack/FatAttack/Content/_Assets/StoreAssets/textures/T_FluorescentLight_NRM.uasset" 436
"D:/Work/Projects/GCS_FatAttack/FatAttack/Content/_Assets/StoreAssets/textures/T_FluorescentLight_Diff.uasset" 437
"D:/Work/Projects/GCS_FatAttack/FatAttack/Content/_Assets/StoreAssets/Materials/MI_FluorescentLight_Inst.uasset" 438
"D:/Work/Projects/GCS_FatAttack/FatAttack/Content/_Assets/StoreAssets/SM_FluorescentLight.uasset" 439
"D:/Work/Projects/GCS_FatAttack/FatAttack/Content/_Blueprints/Environment/Lights/BP_Lamp1.uasset" 440
"D:/Work/Projects/GCS_FatAttack/FatAttack/Content/_Assets/Environment/GrossBakery/Materials/M_Colors.uasset" 441
"D:/Work/Projects/GCS_FatAttack/FatAttack/Content/_Assets/Environment/GrossBakery/Materials/M_Yellow.uasset" 442
"D:/Work/Projects/GCS_FatAttack/FatAttack/Content/_Assets/Environment/GrossBakery/Materials/M_WhitishGrey.uasset" 443
"D:/Work/Projects/GCS_FatAttack/FatAttack/Content/_Assets/Environment/GrossBakery/Materials/textures/Room_Interior_lambert1_OcclusionRoughnessMetallic.uasset" 444
"D:/Work/Projects/GCS_FatAttack/FatAttack/Content/_Assets/Environment/GrossBakery/Materials/textures/Room_Interior_lambert1_Normal.uasset" 445
"D:/Work/Projects/GCS_FatAttack/FatAttack/Content/_Assets/Environment/GrossBakery/Materials/textures/Room_Interior_lambert1_BaseColor.uasset" 446
"../../../Engine/Content/EngineMaterials/DefaultNormal.uasset" 447
"D:/Work/Projects/GCS_FatAttack/FatAttack/Content/_Assets/M_Master.uasset" 448
"D:/Work/Projects/GCS_FatAttack/FatAttack/Content/_Assets/Environment/GrossBakery/Materials/M_Room.uasset" 449
"D:/Work/Projects/GCS_FatAttack/FatAttack/Content/_Assets/Environment/GrossBakery/Materials/M_Pink.uasset" 450
"D:/Work/Projects/GCS_FatAttack/FatAttack/Content/_Assets/Environment/GrossBakery/Materials/M_Grey.uasset" 451
"D:/Work/Projects/GCS_FatAttack/FatAttack/Content/_Assets/Environment/GrossBakery/Water_dispenser_1.uasset" 452
"D:/Work/Projects/GCS_FatAttack/FatAttack/Content/_Assets/Environment/GrossBakery/Tray_1.uasset" 453
"D:/Work/Projects/GCS_FatAttack/FatAttack/Content/_Assets/Environment/GrossBakery/Trash_1.uasset" 454
"D:/Work/Projects/GCS_FatAttack/FatAttack/Content/_Assets/Environment/Furniture/School/Import/lambert1.uasset" 455
"D:/Work/Projects/GCS_FatAttack/FatAttack/Content/_Assets/Environment/GrossBakery/Towel.uasset" 456
"D:/Work/Projects/GCS_FatAttack/FatAttack/Content/_Assets/Environment/GrossBakery/table.uasset" 457
"D:/Work/Projects/GCS_FatAttack/FatAttack/Content/_Assets/Environment/GrossBakery/sink_1.uasset" 458
"D:/Work/Projects/GCS_FatAttack/FatAttack/Content/_Assets/Environment/GrossBakery/Room_Interior.uasset" 459
"D:/Work/Projects/GCS_FatAttack/FatAttack/Content/_Assets/Environment/GrossBakery/Rolling_Pin.uasset" 460
"D:/Work/Projects/GCS_FatAttack/FatAttack/Content/_Assets/Environment/GrossBakery/Oven-Stove.uasset" 461
"D:/Work/Projects/GCS_FatAttack/FatAttack/Content/_Assets/Environment/GrossBakery/mouseHole.uasset" 462
"D:/Work/Projects/GCS_FatAttack/FatAttack/Content/_Assets/Environment/GrossBakery/Ladder.uasset" 463
"D:/Work/Projects/GCS_FatAttack/FatAttack/Content/_Assets/Environment/GrossBakery/Fridge_thing.uasset" 464
"D:/Work/Projects/GCS_FatAttack/FatAttack/Content/_Assets/Environment/GrossBakery/Egg_beater_1.uasset" 465
"D:/Work/Projects/GCS_FatAttack/FatAttack/Content/_Assets/Environment/GrossBakery/DoubleStove.uasset" 466
"D:/Work/Projects/GCS_FatAttack/FatAttack/Content/_Assets/Environment/GrossBakery/Desk_1.uasset" 467
"D:/Work/Projects/GCS_FatAttack/FatAttack/Content/_Assets/Environment/GrossBakery/counter_top.uasset" 468
"D:/Work/Projects/GCS_FatAttack/FatAttack/Content/_Assets/Environment/GrossBakery/cabinet.uasset" 469
"D:/Work/Projects/GCS_FatAttack/FatAttack/Content/_Assets/Environment/Furniture/School/lambert1.uasset" 470
"D:/Work/Projects/GCS_FatAttack/FatAttack/Content/_Assets/Environment/Furniture/School/cafe_table_full.uasset" 471
"D:/Work/Projects/GCS_FatAttack/FatAttack/Content/_Assets/SFX/WaffleBear/Wafflebear_growl-01-2.uasset" 472
"D:/Work/Projects/GCS_FatAttack/FatAttack/Content/_Assets/SFX/WaffleBear/Wafflebear_growl-01.uasset" 473
"D:/Work/Projects/GCS_FatAttack/FatAttack/Content/_Assets/SFX/WaffleBear/SC_WaffleBear_Growl.uasset" 474
"D:/Work/Projects/GCS_FatAttack/FatAttack/Content/_Assets/SFX/WaffleBear/Wafflebear_dying-02.uasset" 475
"D:/Work/Projects/GCS_FatAttack/FatAttack/Content/_Assets/SFX/WaffleBear/Wafflebear_dying-01.uasset" 476
"D:/Work/Projects/GCS_FatAttack/FatAttack/Content/_Assets/SFX/WaffleBear/SC_WaffleBear_Die.uasset" 477
"D:/Work/Projects/GCS_FatAttack/FatAttack/Content/_Assets/Enemies/WaffleBear/model_wafflebear_PhysicsAsset.uasset" 478
"D:/Work/Projects/GCS_FatAttack/FatAttack/Content/_Assets/Enemies/WaffleBear/Textures/Mesh_lambert1_OcclusionRoughnessMetallic.uasset" 479
"D:/Work/Projects/GCS_FatAttack/FatAttack/Content/_Assets/Enemies/WaffleBear/Textures/Mesh_lambert1_Normal.uasset" 480
"D:/Work/Projects/GCS_FatAttack/FatAttack/Content/_Assets/Enemies/WaffleBear/Textures/Mesh_lambert1_BaseColor.uasset" 481
"D:/Work/Projects/GCS_FatAttack/FatAttack/Content/_Assets/Enemies/WaffleBear/M_wafflebear.uasset" 482
"D:/Work/Projects/GCS_FatAttack/FatAttack/Content/_Assets/Enemies/WaffleBear/model_wafflebear_Skeleton.uasset" 483
"D:/Work/Projects/GCS_FatAttack/FatAttack/Content/_Assets/Enemies/WaffleBear/model_wafflebear.uasset" 484
"D:/Work/Projects/GCS_FatAttack/FatAttack/Content/_Assets/Enemies/WaffleBear/Animations/walkanimation_wafflebear.uasset" 485
"D:/Work/Projects/GCS_FatAttack/FatAttack/Content/_Assets/Enemies/WaffleBear/Animations/idleanimation_wafflebear.uasset" 486
"D:/Work/Projects/GCS_FatAttack/FatAttack/Content/_Assets/Enemies/WaffleBear/Animations/attackanimation_wafflebear.uasset" 487
"D:/Work/Projects/GCS_FatAttack/FatAttack/Content/_Assets/Enemies/WaffleBear/ABP_WaffleBear.uasset" 488
"D:/Work/Projects/GCS_FatAttack/FatAttack/Content/_Blueprints/Enemies/BP_WaffleBear.uasset" 489
"D:/Work/Projects/GCS_FatAttack/FatAttack/Content/_Assets/SFX/SinammonRoll/SInnamonRoll_dMG.uasset" 490
"D:/Work/Projects/GCS_FatAttack/FatAttack/Content/_Assets/SFX/SinammonRoll/SInnamonRoll_Alert2.uasset" 491
"D:/Work/Projects/GCS_FatAttack/FatAttack/Content/_Assets/SFX/SinammonRoll/SInnamonRoll_Alert1.uasset" 492
"D:/Work/Projects/GCS_FatAttack/FatAttack/Content/_Assets/SFX/SinammonRoll/SC_SinnamonRoll_Alert.uasset" 493
"D:/Work/Projects/GCS_FatAttack/FatAttack/Content/_Assets/Enemies/SinnamonRoll/SinnamonRollUnreal_PhysicsAsset.uasset" 494
"D:/Work/Projects/GCS_FatAttack/FatAttack/Content/_Assets/Enemies/SinnamonRoll/Textures/Sinnamon_Roll_Newest_ctrld_phong2_OcclusionRoughnessMetallic.uasset" 495
"D:/Work/Projects/GCS_FatAttack/FatAttack/Content/_Assets/Enemies/SinnamonRoll/Textures/Sinnamon_Roll_Newest_ctrld_phong2_Normal.uasset" 496
"D:/Work/Projects/GCS_FatAttack/FatAttack/Content/_Assets/Enemies/SinnamonRoll/Textures/Sinnamon_Roll_Newest_ctrld_phong2_BaseColor.uasset" 497
"D:/Work/Projects/GCS_FatAttack/FatAttack/Content/_Assets/Enemies/SinnamonRoll/phong2.uasset" 498
"D:/Work/Projects/GCS_FatAttack/FatAttack/Content/_Assets/Enemies/SinnamonRoll/SinnamonRollUnreal_Skeleton.uasset" 499
"D:/Work/Projects/GCS_FatAttack/FatAttack/Content/_Assets/Enemies/SinnamonRoll/SinnamonRollUnreal.uasset" 500
"D:/Work/Projects/GCS_FatAttack/FatAttack/Content/_Assets/SFX/SinammonRoll/SInnamonRoll_Attack.uasset" 501
"D:/Work/Projects/GCS_FatAttack/FatAttack/Content/_Assets/Enemies/SinnamonRoll/Animations/SinnamonRollAnimsWalk_cycle.uasset" 502
"D:/Work/Projects/GCS_FatAttack/FatAttack/Content/_Assets/Enemies/SinnamonRoll/Animations/SinnamonRollAnimsSinnamon_Blast.uasset" 503
"D:/Work/Projects/GCS_FatAttack/FatAttack/Content/_Assets/Enemies/SinnamonRoll/Animations/SinnamonRollAnimsIdle.uasset" 504
"D:/Work/Projects/GCS_FatAttack/FatAttack/Content/_Assets/Enemies/SinnamonRoll/ABP_SinnamonRoll.uasset" 505
"D:/Work/Projects/GCS_FatAttack/FatAttack/Content/_Blueprints/Enemies/BP_Sinnamon.uasset" 506
"D:/Work/Projects/GCS_FatAttack/FatAttack/Content/_Assets/SFX/Pizza/pizza_dmg2.uasset" 507
"D:/Work/Projects/GCS_FatAttack/FatAttack/Content/_Assets/SFX/Pizza/pizza_dmg.uasset" 508
"D:/Work/Projects/GCS_FatAttack/FatAttack/Content/_Assets/SFX/Pizza/SC_PizzaDmg.uasset" 509
"D:/Work/Projects/GCS_FatAttack/FatAttack/Content/_Assets/SFX/Pizza/pizza_face_die-1.uasset" 510
"D:/Work/Projects/GCS_FatAttack/FatAttack/Content/_Assets/SFX/Pizza/pizza_face_die-0.uasset" 511
"D:/Work/Projects/GCS_FatAttack/FatAttack/Content/_Assets/SFX/Pizza/SC_PizzaDie.uasset" 512
"D:/Work/Projects/GCS_FatAttack/FatAttack/Content/_Assets/SFX/Pizza/pizza_HeadButt-05.uasset" 513
"D:/Work/Projects/GCS_FatAttack/FatAttack/Content/_Assets/SFX/Pizza/pizza_HeadButt-04.uasset" 514
"D:/Work/Projects/GCS_FatAttack/FatAttack/Content/_Assets/SFX/Pizza/pizza_HeadButt-03.uasset" 515
"D:/Work/Projects/GCS_FatAttack/FatAttack/Content/_Assets/SFX/Pizza/pizza_HeadButt-02.uasset" 516
"D:/Work/Projects/GCS_FatAttack/FatAttack/Content/_Assets/SFX/Pizza/pizza_HeadButt-01.uasset" 517
"D:/Work/Projects/GCS_FatAttack/FatAttack/Content/_Assets/SFX/Pizza/SC_PizzaButt.uasset" 518
"D:/Work/Projects/GCS_FatAttack/FatAttack/Content/_Assets/SFX/Pizza/pizza_face_idle.uasset" 519
"D:/Work/Projects/GCS_FatAttack/FatAttack/Content/_Assets/SFX/Pizza/pizza_face_attack-06.uasset" 520
"D:/Work/Projects/GCS_FatAttack/FatAttack/Content/_Assets/SFX/Pizza/pizza_face_attack-04.uasset" 521
"D:/Work/Projects/GCS_FatAttack/FatAttack/Content/_Assets/SFX/Pizza/pizza_face_attack-02.uasset" 522
"D:/Work/Projects/GCS_FatAttack/FatAttack/Content/_Assets/SFX/Pizza/SC_PizzaThrow.uasset" 523
"D:/Work/Projects/GCS_FatAttack/FatAttack/Content/_Assets/Enemies/PizzaMan/PizzaMan_PhysicsAsset.uasset" 524
"D:/Work/Projects/GCS_FatAttack/FatAttack/Content/_Assets/Enemies/PizzaMan/PizzaMan_Skeleton.uasset" 525
"D:/Work/Projects/GCS_FatAttack/FatAttack/Content/_Assets/Enemies/PizzaMan/PizzaMan.uasset" 526
"D:/Work/Projects/GCS_FatAttack/FatAttack/Content/_Assets/Enemies/PizzaMan/Animations/PizzaMan_Walk.uasset" 527
"D:/Work/Projects/GCS_FatAttack/FatAttack/Content/_Assets/Enemies/PizzaMan/Animations/PizzaMan_ThrowV2.uasset" 528
"D:/Work/Projects/GCS_FatAttack/FatAttack/Content/_Assets/Enemies/PizzaMan/Animations/PizzaMan_Throw.uasset" 529
"D:/Work/Projects/GCS_FatAttack/FatAttack/Content/_Assets/Enemies/PizzaMan/Animations/PizzaMan_Melee.uasset" 530
"D:/Work/Projects/GCS_FatAttack/FatAttack/Content/_Assets/Enemies/PizzaMan/Animations/PizzaMan_Idle.uasset" 531
"D:/Work/Projects/GCS_FatAttack/FatAttack/Content/_Assets/Enemies/PizzaMan/ABP_PizzaMan.uasset" 532
"D:/Work/Projects/GCS_FatAttack/FatAttack/Content/_Blueprints/Enemies/BP_PizzaMan.uasset" 533
"D:/Work/Projects/GCS_FatAttack/FatAttack/Content/_Assets/Enemies/Macaroon/new_macaron_big_PhysicsAsset.uasset" 534
"D:/Work/Projects/GCS_FatAttack/FatAttack/Content/_Assets/Enemies/Macaroon/Textures/macaron_lambert1_OcclusionRoughnessMetallic.uasset" 535
"D:/Work/Projects/GCS_FatAttack/FatAttack/Content/_Assets/Enemies/Macaroon/Textures/macaron_lambert1_Normal.uasset" 536
"D:/Work/Projects/GCS_FatAttack/FatAttack/Content/_Assets/Enemies/Macaroon/Textures/macaron_lambert1_BaseColor.uasset" 537
"D:/Work/Projects/GCS_FatAttack/FatAttack/Content/_Assets/Enemies/Macaroon/MT_macaroon.uasset" 538
"D:/Work/Projects/GCS_FatAttack/FatAttack/Content/_Assets/Enemies/Macaroon/new_macaron_big_Skeleton.uasset" 539
"D:/Work/Projects/GCS_FatAttack/FatAttack/Content/_Assets/Enemies/Macaroon/new_macaron_big.uasset" 540
"D:/Work/Projects/GCS_FatAttack/FatAttack/Content/_Assets/Enemies/Macaroon/Animation/anim_m_walk.uasset" 541
"D:/Work/Projects/GCS_FatAttack/FatAttack/Content/_Assets/Enemies/Macaroon/Animation/anim_m_idle.uasset" 542
"D:/Work/Projects/GCS_FatAttack/FatAttack/Content/_Assets/Enemies/Macaroon/ABP_Macaroon.uasset" 543
"D:/Work/Projects/GCS_FatAttack/FatAttack/Content/_Blueprints/Enemies/BP_Macaroon.uasset" 544
"D:/Work/Projects/GCS_FatAttack/FatAttack/Content/_Maps/bakerylevel_FINAL.umap" 545
"D:/Work/Projects/GCS_FatAttack/FatAttack/Content/_Assets/DefaultMeshes/M_UE4Man_ChestLogo.uasset" 546
"D:/Work/Projects/GCS_FatAttack/FatAttack/Content/_Assets/DefaultMeshes/M_UE4Man_Body.uasset" 547
"D:/Work/Projects/GCS_FatAttack/FatAttack/Content/_Assets/DefaultMeshes/NORIG_Ue4CharReference.uasset" 548
"D:/Work/Projects/GCS_FatAttack/FatAttack/Content/_Assets/Weapons/OliveCannon/OliveCannon_Skeleton.uasset" 549
"D:/Work/Projects/GCS_FatAttack/FatAttack/Content/_Assets/Weapons/OliveCannon/OliveCannon_PhysicsAsset.uasset" 550
"D:/Work/Projects/GCS_FatAttack/FatAttack/Content/_Assets/Weapons/OliveCannon/OliveCannon.uasset" 551
"D:/Work/Projects/GCS_FatAttack/FatAttack/Content/_Blueprints/Enemies/BP_Turret.uasset" 552
"D:/Work/Projects/GCS_FatAttack/FatAttack/Content/_Maps/CuteBakeryBlockOut_BuiltData.uasset" 553
"D:/Work/Projects/GCS_FatAttack/FatAttack/Content/_Blueprints/Interactables/BP_DoorLocked.uasset" 554
"D:/Work/Projects/GCS_FatAttack/FatAttack/Content/_Assets/Environment/CuteBakery/phong1.uasset" 555
"D:/Work/Projects/GCS_FatAttack/FatAttack/Content/_Assets/Environment/CuteBakery/Button.uasset" 556
"D:/Work/Projects/GCS_FatAttack/FatAttack/Content/_Blueprints/Interactables/BP_button.uasset" 557
"D:/Work/Projects/GCS_FatAttack/FatAttack/Content/_Blueprints/Environment/Lights/BP_SpotLight.uasset" 558
"D:/Work/Projects/GCS_FatAttack/FatAttack/Content/_Blueprints/Environment/Lights/BP_Lamp2.uasset" 559
"D:/Work/Projects/GCS_FatAttack/FatAttack/Content/_Assets/Environment/CuteBakery/Materials/lambert1.uasset" 560
"D:/Work/Projects/GCS_FatAttack/FatAttack/Content/_Assets/Environment/CuteBakery/DumbWaiter_Elevator_exterior.uasset" 561
"D:/Work/Projects/GCS_FatAttack/FatAttack/Content/_Assets/Environment/CuteBakery/DumbWaiter_ElevatorDoor.uasset" 562
"D:/Work/Projects/GCS_FatAttack/FatAttack/Content/_Assets/Environment/CuteBakery/DumbWaiter_Elevator1.uasset" 563
"D:/Work/Projects/GCS_FatAttack/FatAttack/Content/_Blueprints/Environment/BP_DummyElevator.uasset" 564
"D:/Work/Projects/GCS_FatAttack/FatAttack/Content/_Assets/StoreAssets/textures/T_WallRefrigerator_PBR.uasset" 565
"D:/Work/Projects/GCS_FatAttack/FatAttack/Content/_Assets/StoreAssets/textures/T_WallRefrigerator_NRM.uasset" 566
"D:/Work/Projects/GCS_FatAttack/FatAttack/Content/_Assets/StoreAssets/textures/T_WallRefrigerator_Color.uasset" 567
"D:/Work/Projects/GCS_FatAttack/FatAttack/Content/_Assets/StoreAssets/Materials/MI_WallRefrigerator_Inst.uasset" 568
"D:/Work/Projects/GCS_FatAttack/FatAttack/Content/_Assets/StoreAssets/SM_Light01.uasset" 569
"D:/Work/Projects/GCS_FatAttack/FatAttack/Content/_Assets/StoreAssets/textures/T_FoilBalloons_PBR.uasset" 570
"D:/Work/Projects/GCS_FatAttack/FatAttack/Content/_Assets/StoreAssets/textures/T_FoilBalloons_NRM.uasset" 571
"D:/Work/Projects/GCS_FatAttack/FatAttack/Content/_Assets/StoreAssets/textures/T_FoilBalloons_Diff.uasset" 572
"D:/Work/Projects/GCS_FatAttack/FatAttack/Content/_Assets/StoreAssets/Materials/MI_FoilBalloons_Inst.uasset" 573
"D:/Work/Projects/GCS_FatAttack/FatAttack/Content/_Assets/StoreAssets/SM_FoilBalloon.uasset" 574
"D:/Work/Projects/GCS_FatAttack/FatAttack/Content/_Assets/StoreAssets/textures/T_FireExtinguisher_PBR.uasset" 575
"D:/Work/Projects/GCS_FatAttack/FatAttack/Content/_Assets/StoreAssets/textures/T_FireExtinguisher_NRM.uasset" 576
"D:/Work/Projects/GCS_FatAttack/FatAttack/Content/_Assets/StoreAssets/textures/T_FireExtinguisher_Diff.uasset" 577
"D:/Work/Projects/GCS_FatAttack/FatAttack/Content/_Assets/StoreAssets/Materials/MI_FireExtinguisher_Inst.uasset" 578
"D:/Work/Projects/GCS_FatAttack/FatAttack/Content/_Assets/StoreAssets/SM_FireExtinguisher.uasset" 579
"D:/Work/Projects/GCS_FatAttack/FatAttack/Content/_Assets/StoreAssets/textures/T_Cakes_PBR.uasset" 580
"D:/Work/Projects/GCS_FatAttack/FatAttack/Content/_Assets/StoreAssets/textures/T_Cakes_NRM.uasset" 581
"D:/Work/Projects/GCS_FatAttack/FatAttack/Content/_Assets/StoreAssets/textures/T_Cakes_Diff.uasset" 582
"D:/Work/Projects/GCS_FatAttack/FatAttack/Content/_Assets/StoreAssets/Materials/MI_Cakes_Inst.uasset" 583
"D:/Work/Projects/GCS_FatAttack/FatAttack/Content/_Assets/StoreAssets/SM_Donuts_Stacked03.uasset" 584
"D:/Work/Projects/GCS_FatAttack/FatAttack/Content/_Assets/StoreAssets/SM_Donuts_Stacked02.uasset" 585
"D:/Work/Projects/GCS_FatAttack/FatAttack/Content/_Assets/StoreAssets/SM_Donuts_Stacked01.uasset" 586
"D:/Work/Projects/GCS_FatAttack/FatAttack/Content/_Assets/StoreAssets/textures/T_CleaningCart_PBR.uasset" 587
"D:/Work/Projects/GCS_FatAttack/FatAttack/Content/_Assets/StoreAssets/textures/T_CleaningCart_NRM.uasset" 588
"D:/Work/Projects/GCS_FatAttack/FatAttack/Content/_Assets/StoreAssets/textures/T_CleaningCart_Diff.uasset" 589
"D:/Work/Projects/GCS_FatAttack/FatAttack/Content/_Assets/StoreAssets/Materials/MI_CleaningCart_Inst.uasset" 590
"D:/Work/Projects/GCS_FatAttack/FatAttack/Content/_Assets/StoreAssets/SM_CleaningCart.uasset" 591
"D:/Work/Projects/GCS_FatAttack/FatAttack/Content/_Assets/StoreAssets/textures/T_CheckoutCounter_PBR.uasset" 592
"D:/Work/Projects/GCS_FatAttack/FatAttack/Content/_Assets/StoreAssets/textures/T_CheckoutCounter_NRM.uasset" 593
"D:/Work/Projects/GCS_FatAttack/FatAttack/Content/_Assets/StoreAssets/textures/T_CheckoutCounter_Diff.uasset" 594
"D:/Work/Projects/GCS_FatAttack/FatAttack/Content/_Assets/StoreAssets/Materials/MI_CheckoutCounter_Inst.uasset" 595
"D:/Work/Projects/GCS_FatAttack/FatAttack/Content/_Assets/StoreAssets/SM_CheckoutCounter_01.uasset" 596
"D:/Work/Projects/GCS_FatAttack/FatAttack/Content/_Assets/StoreAssets/textures/T_Cart_PBR.uasset" 597
"D:/Work/Projects/GCS_FatAttack/FatAttack/Content/_Assets/StoreAssets/textures/T_Cart_NRM.uasset" 598
"D:/Work/Projects/GCS_FatAttack/FatAttack/Content/_Assets/StoreAssets/textures/T_Cart_Diff.uasset" 599
"D:/Work/Projects/GCS_FatAttack/FatAttack/Content/_Assets/StoreAssets/Materials/MI_Cart_Inst.uasset" 600
"D:/Work/Projects/GCS_FatAttack/FatAttack/Content/_Assets/StoreAssets/SM_Cart_Stacked.uasset" 601
"D:/Work/Projects/GCS_FatAttack/FatAttack/Content/_Assets/StoreAssets/SM_Cake03.uasset" 602
"D:/Work/Projects/GCS_FatAttack/FatAttack/Content/_Assets/StoreAssets/SM_Cake01.uasset" 603
"D:/Work/Projects/GCS_FatAttack/FatAttack/Content/_Assets/StoreAssets/textures/T_Shelf_01_PBR.uasset" 604
"D:/Work/Projects/GCS_FatAttack/FatAttack/Content/_Assets/StoreAssets/textures/T_Shelf_01_NRM.uasset" 605
"D:/Work/Projects/GCS_FatAttack/FatAttack/Content/_Assets/StoreAssets/textures/T_Shelf_01_Diff.uasset" 606
"D:/Work/Projects/GCS_FatAttack/FatAttack/Content/_Assets/StoreAssets/Materials/MI_Shelf01_Inst.uasset" 607
"D:/Work/Projects/GCS_FatAttack/FatAttack/Content/_Assets/StoreAssets/SM_BreadShelf.uasset" 608
"D:/Work/Projects/GCS_FatAttack/FatAttack/Content/_Assets/StoreAssets/textures/T_Bench02_PBR.uasset" 609
"D:/Work/Projects/GCS_FatAttack/FatAttack/Content/_Assets/StoreAssets/textures/T_Bench02_NRM.uasset" 610
"D:/Work/Projects/GCS_FatAttack/FatAttack/Content/_Assets/StoreAssets/textures/T_Bench02_Diff.uasset" 611
"D:/Work/Projects/GCS_FatAttack/FatAttack/Content/_Assets/StoreAssets/Materials/MI_Bench02_Inst.uasset" 612
"D:/Work/Projects/GCS_FatAttack/FatAttack/Content/_Assets/StoreAssets/SM_Bench02.uasset" 613
"D:/Work/Projects/GCS_FatAttack/FatAttack/Content/_Assets/StoreAssets/textures/T_WoodStand_01_PBR.uasset" 614
"D:/Work/Projects/GCS_FatAttack/FatAttack/Content/_Assets/StoreAssets/textures/T_WoodStand_01_NRM.uasset" 615
"D:/Work/Projects/GCS_FatAttack/FatAttack/Content/_Assets/StoreAssets/textures/T_WoodStand_01_Diff.uasset" 616
"D:/Work/Projects/GCS_FatAttack/FatAttack/Content/_Assets/StoreAssets/Materials/MI_Woodstand_Inst.uasset" 617
"D:/Work/Projects/GCS_FatAttack/FatAttack/Content/_Assets/StoreAssets/SM_BakeryStand01.uasset" 618
"D:/Work/Projects/GCS_FatAttack/FatAttack/Content/_Assets/StoreAssets/SM_BakerySign.uasset" 619
"D:/Work/Projects/GCS_FatAttack/FatAttack/Content/_Assets/StoreAssets/SM_BakeryRack.uasset" 620
"D:/Work/Projects/GCS_FatAttack/FatAttack/Content/_Assets/StoreAssets/textures/T_Smooth_PBR.uasset" 621
"D:/Work/Projects/GCS_FatAttack/FatAttack/Content/_Assets/StoreAssets/textures/T_OutofOrder_NRM.uasset" 622
"D:/Work/Projects/GCS_FatAttack/FatAttack/Content/_Assets/StoreAssets/textures/T_BakeryPictures_Diff.uasset" 623
"D:/Work/Projects/GCS_FatAttack/FatAttack/Content/_Assets/StoreAssets/Materials/MI_BakeryPictures01_Inst.uasset" 624
"D:/Work/Projects/GCS_FatAttack/FatAttack/Content/_Assets/StoreAssets/SM_BakeryPictures01.uasset" 625
"D:/Work/Projects/GCS_FatAttack/FatAttack/Content/_Assets/StoreAssets/SM_BakeryPicture09.uasset" 626
"D:/Work/Projects/GCS_FatAttack/FatAttack/Content/_Assets/StoreAssets/SM_BakeryPicture08.uasset" 627
"D:/Work/Projects/GCS_FatAttack/FatAttack/Content/_Assets/StoreAssets/textures/T_BakeryMenu_PBR.uasset" 628
"D:/Work/Projects/GCS_FatAttack/FatAttack/Content/_Assets/StoreAssets/textures/T_BakeryMenu_NRM.uasset" 629
"D:/Work/Projects/GCS_FatAttack/FatAttack/Content/_Assets/StoreAssets/textures/T_BakeryMenu_Diff.uasset" 630
"D:/Work/Projects/GCS_FatAttack/FatAttack/Content/_Assets/StoreAssets/Materials/MI_BakeryMenu_Inst.uasset" 631
"D:/Work/Projects/GCS_FatAttack/FatAttack/Content/_Assets/StoreAssets/SM_BakeryMenu.uasset" 632
"D:/Work/Projects/GCS_FatAttack/FatAttack/Content/_Assets/StoreAssets/textures/T_BakeryCounter01_PBR.uasset" 633
"D:/Work/Projects/GCS_FatAttack/FatAttack/Content/_Assets/StoreAssets/textures/T_BakeryCounter01_NRM.uasset" 634
"D:/Work/Projects/GCS_FatAttack/FatAttack/Content/_Assets/StoreAssets/textures/T_BakeryCounter01_Diff.uasset" 635
"D:/Work/Projects/GCS_FatAttack/FatAttack/Content/_Assets/StoreAssets/Materials/MI_BakeryCounter01_Inst.uasset" 636
"D:/Work/Projects/GCS_FatAttack/FatAttack/Content/_Assets/StoreAssets/SM_BakeryCounter01.uasset" 637
"D:/Work/Projects/GCS_FatAttack/FatAttack/Content/_Assets/StoreAssets/textures/T_Baguette_Diff.uasset" 638
"D:/Work/Projects/GCS_FatAttack/FatAttack/Content/_Assets/StoreAssets/textures/T_Baguette_NRM.uasset" 639
"D:/Work/Projects/GCS_FatAttack/FatAttack/Content/_Assets/StoreAssets/textures/T_Baguette_PBR.uasset" 640
"D:/Work/Projects/GCS_FatAttack/FatAttack/Content/StarterContent/MI_Baguette_Inst.uasset" 641
"D:/Work/Projects/GCS_FatAttack/FatAttack/Content/_Assets/StoreAssets/SM_Baguette_Stacked.uasset" 642
"D:/Work/Projects/GCS_FatAttack/FatAttack/Content/_Assets/StoreAssets/SM_Baguette.uasset" 643
"D:/Work/Projects/GCS_FatAttack/FatAttack/Content/_Assets/StoreAssets/textures/normals_plank.uasset" 644
"D:/Work/Projects/GCS_FatAttack/FatAttack/Content/_Assets/StoreAssets/texture_plank.uasset" 645
"D:/Work/Projects/GCS_FatAttack/FatAttack/Content/_Assets/StoreAssets/plank_1.uasset" 646
"D:/Work/Projects/GCS_FatAttack/FatAttack/Content/_Assets/StoreAssets/plank_1_model.uasset" 647
"D:/Work/Projects/GCS_FatAttack/FatAttack/Content/_Assets/StoreAssets/Mat_Standard.uasset" 648
"D:/Work/Projects/GCS_FatAttack/FatAttack/Content/_Assets/StoreAssets/EverythingLibrary_Furnishings_001_WoodenTable.uasset" 649
"D:/Work/Projects/GCS_FatAttack/FatAttack/Content/_Assets/StoreAssets/SM_WoodStand_02.uasset" 650
"D:/Work/Projects/GCS_FatAttack/FatAttack/Content/_Assets/StoreAssets/SM_WetFloorSign_Closed.uasset" 651
"D:/Work/Projects/GCS_FatAttack/FatAttack/Content/_Assets/StoreAssets/SM_WallRefrigerator.uasset" 652
"D:/Work/Projects/GCS_FatAttack/FatAttack/Content/_Assets/StoreAssets/textures/T_Sales02_PBR.uasset" 653
"D:/Work/Projects/GCS_FatAttack/FatAttack/Content/_Assets/StoreAssets/textures/T_Sales02_NRM.uasset" 654
"D:/Work/Projects/GCS_FatAttack/FatAttack/Content/_Assets/StoreAssets/textures/T_Sales02_Diff.uasset" 655
"D:/Work/Projects/GCS_FatAttack/FatAttack/Content/_Assets/StoreAssets/Materials/MI_Sales02_Inst.uasset" 656
"D:/Work/Projects/GCS_FatAttack/FatAttack/Content/_Assets/StoreAssets/SM_Unbeat.uasset" 657
"D:/Work/Projects/GCS_FatAttack/FatAttack/Content/_Assets/StoreAssets/SM_TrashCan02.uasset" 658
"D:/Work/Projects/GCS_FatAttack/FatAttack/Content/_Assets/StoreAssets/SM_Trashcan01.uasset" 659
"D:/Work/Projects/GCS_FatAttack/FatAttack/Content/_Assets/StoreAssets/textures/T_StorageRack_PBR.uasset" 660
"D:/Work/Projects/GCS_FatAttack/FatAttack/Content/_Assets/StoreAssets/textures/T_StorageRack_NRM.uasset" 661
"D:/Work/Projects/GCS_FatAttack/FatAttack/Content/_Assets/StoreAssets/textures/T_StorageRack_Diff.uasset" 662
"D:/Work/Projects/GCS_FatAttack/FatAttack/Content/_Assets/StoreAssets/Materials/MI_StorageRack_Inst.uasset" 663
"D:/Work/Projects/GCS_FatAttack/FatAttack/Content/_Assets/StoreAssets/SM_StorageRack01.uasset" 664
"D:/Work/Projects/GCS_FatAttack/FatAttack/Content/_Assets/StoreAssets/textures/T_SteelTray_PBR.uasset" 665
"D:/Work/Projects/GCS_FatAttack/FatAttack/Content/_Assets/StoreAssets/textures/T_SteelTray_NRM.uasset" 666
"D:/Work/Projects/GCS_FatAttack/FatAttack/Content/_Assets/StoreAssets/textures/T_SteelTray_Diff.uasset" 667
"D:/Work/Projects/GCS_FatAttack/FatAttack/Content/_Assets/StoreAssets/Materials/MI_SteelTray_Inst.uasset" 668
"D:/Work/Projects/GCS_FatAttack/FatAttack/Content/_Assets/StoreAssets/SM_SteelTray.uasset" 669
"D:/Work/Projects/GCS_FatAttack/FatAttack/Content/_Assets/StoreAssets/SM_Shelf_02.uasset" 670
"D:/Work/Projects/GCS_FatAttack/FatAttack/Content/_Assets/StoreAssets/SM_Shelf_01.uasset" 671
"D:/Work/Projects/GCS_FatAttack/FatAttack/Content/_Assets/StoreAssets/SM_RRWomenSign.uasset" 672
"D:/Work/Projects/GCS_FatAttack/FatAttack/Content/_Assets/StoreAssets/SM_RRMenSign.uasset" 673
"D:/Work/Projects/GCS_FatAttack/FatAttack/Content/_Assets/StoreAssets/SM_RestroomSign.uasset" 674
"D:/Work/Projects/GCS_FatAttack/FatAttack/Content/_Assets/StoreAssets/SM_MeatRefrigerator_01.uasset" 675
"D:/Work/Projects/GCS_FatAttack/FatAttack/Content/_Assets/StoreAssets/EverythingLibrary_Furnishings_001_PlainWoodChair.uasset" 676
"D:/Work/Projects/GCS_FatAttack/FatAttack/Content/_Assets/StoreAssets/city_stall_M_INST.uasset" 677
"D:/Work/Projects/GCS_FatAttack/FatAttack/Content/_Assets/StoreAssets/city_stall.uasset" 678
"D:/Work/Projects/GCS_FatAttack/FatAttack/Content/_Assets/StoreAssets/Material__26.uasset" 679
"D:/Work/Projects/GCS_FatAttack/FatAttack/Content/_Assets/StoreAssets/Cardboard_Box_cardbox_A.uasset" 680
"D:/Work/Projects/GCS_FatAttack/FatAttack/Content/_Assets/Environment/Furniture/lambert10.uasset" 681
"D:/Work/Projects/GCS_FatAttack/FatAttack/Content/_Assets/Environment/Furniture/Medieval-Shelf.uasset" 682
"D:/Work/Projects/GCS_FatAttack/FatAttack/Content/_Assets/Environment/CuteBakery/Materials/lambert2.uasset" 683
"D:/Work/Projects/GCS_FatAttack/FatAttack/Content/_Assets/Environment/CuteBakery/Materials/lambert14.uasset" 684
"D:/Work/Projects/GCS_FatAttack/FatAttack/Content/_Assets/Environment/CuteBakery/room0.uasset" 685
"D:/Work/Projects/GCS_FatAttack/FatAttack/Content/_Assets/Environment/CuteBakery/New_Corner_Bakery_pasted__pCube11.uasset" 686
"D:/Work/Projects/GCS_FatAttack/FatAttack/Content/_Assets/Environment/CuteBakery/New_Bakery_Thing.uasset" 687
"D:/Work/Projects/GCS_FatAttack/FatAttack/Content/_Assets/Environment/CuteBakery/main_room_uv.uasset" 688
"D:/Work/Projects/GCS_FatAttack/FatAttack/Content/_Assets/Environment/CuteBakery/lambert15.uasset" 689
"D:/Work/Projects/GCS_FatAttack/FatAttack/Content/_Assets/Environment/CuteBakery/Main_Room_Roof.uasset" 690
"D:/Work/Projects/GCS_FatAttack/FatAttack/Content/_Assets/Environment/CuteBakery/Materials/WorldGridMaterial.uasset" 691
"D:/Work/Projects/GCS_FatAttack/FatAttack/Content/_Assets/Environment/CuteBakery/WorldGridMaterial.uasset" 692
"D:/Work/Projects/GCS_FatAttack/FatAttack/Content/_Assets/Environment/CuteBakery/Hallways.uasset" 693
"D:/Work/Projects/GCS_FatAttack/FatAttack/Content/_Assets/Environment/CuteBakery/Materials/Textures/Corrogated_Wall_Wall_currogatedMetal_OcclusionRoughnessMetallic.uasset" 694
"D:/Work/Projects/GCS_FatAttack/FatAttack/Content/_Assets/Environment/CuteBakery/Materials/Textures/Corrogated_Wall_Wall_currogatedMetal_Normal.uasset" 695
"D:/Work/Projects/GCS_FatAttack/FatAttack/Content/_Assets/Environment/CuteBakery/Materials/Textures/Corrogated_Wall_Wall_currogatedMetal_BaseColor.uasset" 696
"D:/Work/Projects/GCS_FatAttack/FatAttack/Content/_Assets/Environment/CuteBakery/Materials/M_CorrogatedWall.uasset" 697
"D:/Work/Projects/GCS_FatAttack/FatAttack/Content/_Assets/Environment/CuteBakery/Materials/phong1.uasset" 698
"D:/Work/Projects/GCS_FatAttack/FatAttack/Content/_Assets/Environment/CuteBakery/Elevator_room.uasset" 699
"D:/Work/Projects/GCS_FatAttack/FatAttack/Content/_Maps/CuteBakeryBlockOut.umap" 700
"D:/Work/Projects/GCS_FatAttack/FatAttack/Content/_Maps/CuteBakeryBlockOut_v2_BuiltData.uasset" 701
"D:/Work/Projects/GCS_FatAttack/FatAttack/Content/_Assets/Environment/CuteBakery/Materials/CorrogatedWall.uasset" 702
"D:/Work/Projects/GCS_FatAttack/FatAttack/Content/_Assets/Environment/CuteBakery/Main_Room.uasset" 703
"D:/Work/Projects/GCS_FatAttack/FatAttack/Content/_Assets/Environment/CuteBakery/Endbuild_StaticMesh.uasset" 704
"D:/Work/Projects/GCS_FatAttack/FatAttack/Content/_Maps/CuteBakeryBlockOut_v2.umap" 705
"D:/Work/Projects/GCS_FatAttack/FatAttack/Content/_Maps/FIsh_BuiltData.uasset" 706
"D:/Work/Projects/GCS_FatAttack/FatAttack/Content/_Assets/Environment/Fish/Fish_Blockout.uasset" 707
"D:/Work/Projects/GCS_FatAttack/FatAttack/Content/_Maps/FIsh.umap" 708
"D:/Work/Projects/GCS_FatAttack/FatAttack/Content/_Maps/Level1_Final_BuiltData.uasset" 709
"../../../Engine/Content/EngineMaterials/DefaultPhysicalMaterial.uasset" 710
"D:/Work/Projects/GCS_FatAttack/FatAttack/Content/_Assets/StoreAssets/SM_WallLight01.uasset" 711
"D:/Work/Projects/GCS_FatAttack/FatAttack/Content/_Blueprints/Environment/BP_WallLamp.uasset" 712
"D:/Work/Projects/GCS_FatAttack/FatAttack/Content/_Assets/Environment/Level1/lambert2.uasset" 713
"D:/Work/Projects/GCS_FatAttack/FatAttack/Content/_Assets/Environment/Level1/room1_colliders.uasset" 714
"D:/Work/Projects/GCS_FatAttack/FatAttack/Content/_Assets/Environment/Level1/lambert1.uasset" 715
"D:/Work/Projects/GCS_FatAttack/FatAttack/Content/_Assets/Environment/Level1/currogatedMetal.uasset" 716
"D:/Work/Projects/GCS_FatAttack/FatAttack/Content/_Assets/Environment/Level1/ceilingPanel.uasset" 717
"D:/Work/Projects/GCS_FatAttack/FatAttack/Content/_Assets/Environment/Level1/room1_done.uasset" 718
"D:/Work/Projects/GCS_FatAttack/FatAttack/Content/_Assets/Environment/Level1/room1_4_polySurface69.uasset" 719
"D:/Work/Projects/GCS_FatAttack/FatAttack/Content/_Assets/Environment/Level1/room1_4_polySurface125.uasset" 720
"D:/Work/Projects/GCS_FatAttack/FatAttack/Content/_Assets/Environment/Level1/CanneryTrim_b_Mat1.uasset" 721
"D:/Work/Projects/GCS_FatAttack/FatAttack/Content/_Assets/Environment/Level1/CanneryTrim_b_Mat.uasset" 722
"D:/Work/Projects/GCS_FatAttack/FatAttack/Content/_Assets/Environment/Level1/room1_4_CanneryConveyorFrame_b4.uasset" 723
"D:/Work/Projects/GCS_FatAttack/FatAttack/Content/_Assets/Environment/Level1/lambert14.uasset" 724
"D:/Work/Projects/GCS_FatAttack/FatAttack/Content/_Assets/Environment/Level1/room0.uasset" 725
"D:/Work/Projects/GCS_FatAttack/FatAttack/Content/_Assets/Environment/Level1/Level1_Room1_Part2.uasset" 726
"D:/Work/Projects/GCS_FatAttack/FatAttack/Content/_Assets/Environment/Level1/lambert14_Inst.uasset" 727
"D:/Work/Projects/GCS_FatAttack/FatAttack/Content/_Maps/Level1_Final.umap" 728
"D:/Work/Projects/GCS_FatAttack/FatAttack/Content/_Maps/MatthewWorld_BuiltData.uasset" 729
"D:/Work/Projects/GCS_FatAttack/FatAttack/Content/_Blueprints/Obstacles/BP_Obstacle.uasset" 730
"D:/Work/Projects/GCS_FatAttack/FatAttack/Content/_Blueprints/Environment/Barrel.uasset" 731
"D:/Work/Projects/GCS_FatAttack/FatAttack/Content/_Assets/DefaultFirstPerson/Textures/FirstPersonCrosshair.uasset" 732
"D:/Work/Projects/GCS_FatAttack/FatAttack/Content/_Blueprints/StarterBlueprints/FirstPersonHUD.uasset" 733
"D:/Work/Projects/GCS_FatAttack/FatAttack/Content/UI/Death/FDeathQuotes.uasset" 734
"D:/Work/Projects/GCS_FatAttack/FatAttack/Content/UI/Death/DT_Quotes.uasset" 735
"D:/Work/Projects/GCS_FatAttack/FatAttack/Content/UI/Death/WBP_Dead.uasset" 736
"D:/Work/Projects/GCS_FatAttack/FatAttack/Content/_Blueprints/BP_GameState.uasset" 737
"D:/Work/Projects/GCS_FatAttack/FatAttack/Content/_Blueprints/FatAttackGameMode.uasset" 738
"D:/Work/Projects/GCS_FatAttack/FatAttack/Content/_Assets/Environment/lambert1.uasset" 739
"D:/Work/Projects/GCS_FatAttack/FatAttack/Content/_Assets/Environment/TestingPlace_Ramp.uasset" 740
"D:/Work/Projects/GCS_FatAttack/FatAttack/Content/_Assets/Environment/TestingPlace_Floor.uasset" 741
"D:/Work/Projects/GCS_FatAttack/FatAttack/Content/_Assets/Enemies/PizzaMan/textures/Legacyt/PizzaMan_Pepperonie_OcclusionRoughnessMetallic.uasset" 742
"D:/Work/Projects/GCS_FatAttack/FatAttack/Content/_Assets/Enemies/PizzaMan/textures/Legacyt/PizzaMan_Pepperonie_OcclusionRoughnessMetallic_Mat.uasset" 743
"D:/Work/Projects/GCS_FatAttack/FatAttack/Content/_Maps/MatthewWorld.umap" 744
"D:/Work/Projects/GCS_FatAttack/FatAttack/Content/UI/BP_MenuChar.uasset" 745
"D:/Work/Projects/GCS_FatAttack/FatAttack/Content/UI/MainMenu/UI_Menu.uasset" 746
"D:/Work/Projects/GCS_FatAttack/FatAttack/Content/UI/BP_Widget.uasset" 747
"D:/Work/Projects/GCS_FatAttack/FatAttack/Content/_Maps/Menu_BuiltData.uasset" 748
"D:/Work/Projects/GCS_FatAttack/FatAttack/Content/_Assets/SFX/MainTheme.uasset" 749
"D:/Work/Projects/GCS_FatAttack/FatAttack/Content/_Assets/Environment/School/_Materials/textures/T_Floor_BaseColor.uasset" 750
"D:/Work/Projects/GCS_FatAttack/FatAttack/Content/_Assets/Environment/School/_Materials/Master/M_p.uasset" 751
"D:/Work/Projects/GCS_FatAttack/FatAttack/Content/_Assets/Environment/School/_Materials/M_Floor2.uasset" 752
"D:/Work/Projects/GCS_FatAttack/FatAttack/Content/_Assets/Environment/School/_Materials/textures/Window_lambert1_Normal.uasset" 753
"D:/Work/Projects/GCS_FatAttack/FatAttack/Content/_Assets/Environment/School/_Materials/textures/Window_lambert1_BaseColor.uasset" 754
"D:/Work/Projects/GCS_FatAttack/FatAttack/Content/_Assets/Environment/School/_Materials/M_School_Window.uasset" 755
"D:/Work/Projects/GCS_FatAttack/FatAttack/Content/_Assets/Environment/School/_Materials/textures/Window_lambert11_Normal.uasset" 756
"D:/Work/Projects/GCS_FatAttack/FatAttack/Content/_Assets/Environment/School/_Materials/textures/Window_lambert11_BaseColor.uasset" 757
"D:/Work/Projects/GCS_FatAttack/FatAttack/Content/_Assets/Environment/School/_Materials/M_School_Radiator.uasset" 758
"D:/Work/Projects/GCS_FatAttack/FatAttack/Content/_Assets/Environment/School/Window.uasset" 759
"D:/Work/Projects/GCS_FatAttack/FatAttack/Content/_Assets/Environment/School/_Materials/textures/Wall_BaseColor.uasset" 760
"D:/Work/Projects/GCS_FatAttack/FatAttack/Content/_Assets/Environment/School/_Materials/M_School_Wall.uasset" 761
"D:/Work/Projects/GCS_FatAttack/FatAttack/Content/_Assets/Environment/School/Wall.uasset" 762
"D:/Work/Projects/GCS_FatAttack/FatAttack/Content/_Assets/DefaultFirstPerson/FPWeapon/Materials/MaterialLayers/T_ML_FineRubber.uasset" 763
"D:/Work/Projects/GCS_FatAttack/FatAttack/Content/_Maps/Menu.umap" 764
"D:/Work/Projects/GCS_FatAttack/FatAttack/Content/StarterContent/Materials/M_Basic_Floor.uasset" 765
"D:/Work/Projects/GCS_FatAttack/FatAttack/Content/StarterContent/Architecture/Floor_400x400.uasset" 766
"D:/Work/Projects/GCS_FatAttack/FatAttack/Content/_Maps/SchoolBlockout_BuiltData.uasset" 767
"D:/Work/Projects/GCS_FatAttack/FatAttack/Content/UI/Tutorials/UI_Prompts.uasset" 768
"D:/Work/Projects/GCS_FatAttack/FatAttack/Content/_Blueprints/Interactables/BP_TutorialBox.uasset" 769
"D:/Work/Projects/GCS_FatAttack/FatAttack/Content/_Assets/Environment/School/_Materials/textures/T_Blackbroad_screen.uasset" 770
"D:/Work/Projects/GCS_FatAttack/FatAttack/Content/_Assets/Environment/School/_Materials/M_Blackboard_screen.uasset" 771
"D:/Work/Projects/GCS_FatAttack/FatAttack/Content/_Assets/Environment/School/_Materials/textures/Stairs_stairs_OcclusionRoughnessMetallic.uasset" 772
"D:/Work/Projects/GCS_FatAttack/FatAttack/Content/_Assets/Environment/School/_Materials/textures/Stairs_stairs_Normal.uasset" 773
"D:/Work/Projects/GCS_FatAttack/FatAttack/Content/_Assets/Environment/School/_Materials/textures/Stairs_stairs_BaseColor.uasset" 774
"D:/Work/Projects/GCS_FatAttack/FatAttack/Content/_Assets/Environment/School/_Materials/M_Stairs.uasset" 775
"D:/Work/Projects/GCS_FatAttack/FatAttack/Content/_Assets/Environment/School/Stairs.uasset" 776
"D:/Work/Projects/GCS_FatAttack/FatAttack/Content/_Assets/Environment/School/DoubleDoor_NoRadiator_Angled.uasset" 777
"D:/Work/Projects/GCS_FatAttack/FatAttack/Content/_Assets/Environment/School/Rooms/BP_StairWell_NoDoor.uasset" 778
"D:/Work/Projects/GCS_FatAttack/FatAttack/Content/_Assets/Environment/School/DoubleDoor.uasset" 779
"D:/Work/Projects/GCS_FatAttack/FatAttack/Content/_Assets/Environment/School/Rooms/BP_StairWell.uasset" 780
"D:/Work/Projects/GCS_FatAttack/FatAttack/Content/_Assets/Environment/School/Door.uasset" 781
"D:/Work/Projects/GCS_FatAttack/FatAttack/Content/_Assets/Environment/School/Rooms/BP_Room1_Small.uasset" 782
"D:/Work/Projects/GCS_FatAttack/FatAttack/Content/_Assets/Environment/School/Rooms/BP_Room1_Small_TwoDoor.uasset" 783
"D:/Work/Projects/GCS_FatAttack/FatAttack/Content/_Assets/Environment/School/_Materials/textures/T_WindowCurtains_BaseColor.uasset" 784
"D:/Work/Projects/GCS_FatAttack/FatAttack/Content/_Assets/Environment/School/_Materials/M_WindowCurtains.uasset" 785
"D:/Work/Projects/GCS_FatAttack/FatAttack/Content/_Assets/Environment/School/Furniture/SM_Window_Curtains_Open.uasset" 786
"D:/Work/Projects/GCS_FatAttack/FatAttack/Content/_Assets/Environment/School/_Materials/textures/T_Broom_z_BaseColor.uasset" 787
"D:/Work/Projects/GCS_FatAttack/FatAttack/Content/_Assets/Environment/School/_Materials/textures/Book/T_Book_XDCXCD_BaseColor.uasset" 788
"D:/Work/Projects/GCS_FatAttack/FatAttack/Content/_Assets/Environment/School/_Materials/Master/M_UnrealPack_Mester.uasset" 789
"D:/Work/Projects/GCS_FatAttack/FatAttack/Content/_Assets/Environment/School/_Materials/M_Broom_z.uasset" 790
"D:/Work/Projects/GCS_FatAttack/FatAttack/Content/_Assets/Environment/School/Furniture/SM_Broom_z.uasset" 791
"D:/Work/Projects/GCS_FatAttack/FatAttack/Content/_Assets/Environment/School/_Materials/textures/T_Broom_BaseColor.uasset" 792
"D:/Work/Projects/GCS_FatAttack/FatAttack/Content/_Assets/Environment/School/_Materials/M_Broom.uasset" 793
"D:/Work/Projects/GCS_FatAttack/FatAttack/Content/_Assets/Environment/School/Furniture/SM_Broom.uasset" 794
"D:/Work/Projects/GCS_FatAttack/FatAttack/Content/_Assets/Environment/School/Rooms/BP_Room1_ReallySmall.uasset" 795
"D:/Work/Projects/GCS_FatAttack/FatAttack/Content/_Assets/Environment/School/_Materials/textures/T_BookShelf_BaseColor.uasset" 796
"D:/Work/Projects/GCS_FatAttack/FatAttack/Content/_Assets/Environment/School/_Materials/M_BookShelf.uasset" 797
"D:/Work/Projects/GCS_FatAttack/FatAttack/Content/_Assets/Environment/School/Furniture/SM_BookShelf.uasset" 798
"D:/Work/Projects/GCS_FatAttack/FatAttack/Content/_Assets/Environment/School/_Materials/textures/T_BlackBroad_BaseColor.uasset" 799
"D:/Work/Projects/GCS_FatAttack/FatAttack/Content/_Assets/Environment/School/_Materials/M_Blackboard.uasset" 800
"D:/Work/Projects/GCS_FatAttack/FatAttack/Content/_Assets/Environment/School/Furniture/SM_Blackbroad_Main.uasset" 801
"D:/Work/Projects/GCS_FatAttack/FatAttack/Content/_Assets/Environment/School/Rooms/BP_Room1_Medium.uasset" 802
"D:/Work/Projects/GCS_FatAttack/FatAttack/Content/_Assets/Environment/School/Rooms/BP_Room1_Medium_TwoDoor.uasset" 803
"D:/Work/Projects/GCS_FatAttack/FatAttack/Content/_Assets/Environment/School/Rooms/BP_Room1_Medium_ThreeDoor.uasset" 804
"D:/Work/Projects/GCS_FatAttack/FatAttack/Content/_Assets/Environment/School/_Materials/M_Floor.uasset" 805
"D:/Work/Projects/GCS_FatAttack/FatAttack/Content/_Assets/Environment/School/_Materials/textures/T__Trash_BaseColor.uasset" 806
"D:/Work/Projects/GCS_FatAttack/FatAttack/Content/_Assets/Environment/School/_Materials/M_Trash.uasset" 807
"D:/Work/Projects/GCS_FatAttack/FatAttack/Content/_Assets/Environment/School/Furniture/SM_Trash.uasset" 808
"D:/Work/Projects/GCS_FatAttack/FatAttack/Content/_Assets/Environment/School/Rooms/BP_Hallway_Small.uasset" 809
"D:/Work/Projects/GCS_FatAttack/FatAttack/Content/_Assets/Environment/School/Furniture/Textures/TXT_banner.uasset" 810
"D:/Work/Projects/GCS_FatAttack/FatAttack/Content/_Assets/Environment/School/Furniture/Textures/M_Banner.uasset" 811
"D:/Work/Projects/GCS_FatAttack/FatAttack/Content/_Assets/Environment/School/Furniture/banner.uasset" 812
"D:/Work/Projects/GCS_FatAttack/FatAttack/Content/_Assets/Environment/School/Rooms/BP_HallwayMedium.uasset" 813
"D:/Work/Projects/GCS_FatAttack/FatAttack/Content/_Assets/Environment/School/Rooms/BP_Room1_Big.uasset" 814
"D:/Work/Projects/GCS_FatAttack/FatAttack/Content/_Assets/Environment/School/Rooms/BP_Cafeteria_ThreeExits.uasset" 815
"D:/Work/Projects/GCS_FatAttack/FatAttack/Content/_Assets/Environment/School/_Materials/textures/Book/T_MatchBook_XHYQ_BaseColor.uasset" 816
"D:/Work/Projects/GCS_FatAttack/FatAttack/Content/_Assets/Environment/School/_Materials/Book/M_MatchBook_XHYQ.uasset" 817
"D:/Work/Projects/GCS_FatAttack/FatAttack/Content/_Assets/Environment/School/Furniture/Book/SM_MatchBook_XHYQ.uasset" 818
"D:/Work/Projects/GCS_FatAttack/FatAttack/Content/_Assets/Environment/School/_Materials/textures/Book/T_MatchBook_JM_BaseColor.uasset" 819
"D:/Work/Projects/GCS_FatAttack/FatAttack/Content/_Assets/Environment/School/_Materials/Book/M_MatchBook_JM.uasset" 820
"D:/Work/Projects/GCS_FatAttack/FatAttack/Content/_Assets/Environment/School/Furniture/Book/SM_MatchBook_JM.uasset" 821
"D:/Work/Projects/GCS_FatAttack/FatAttack/Content/_Assets/Environment/School/_Materials/Book/M_Book_XDCXZD.uasset" 822
"D:/Work/Projects/GCS_FatAttack/FatAttack/Content/_Assets/Environment/School/Furniture/Book/SM_Book_XDCXZD.uasset" 823
"D:/Work/Projects/GCS_FatAttack/FatAttack/Content/_Assets/Environment/School/_Materials/textures/Book/T_Book_TXZGZZS_BaseColor.uasset" 824
"D:/Work/Projects/GCS_FatAttack/FatAttack/Content/_Assets/Environment/School/_Materials/Book/M_Book_TXZGZZS.uasset" 825
"D:/Work/Projects/GCS_FatAttack/FatAttack/Content/_Assets/Environment/School/Furniture/Book/SM_Book_TXZGZZS.uasset" 826
"D:/Work/Projects/GCS_FatAttack/FatAttack/Content/_Assets/Environment/School/_Materials/textures/Desk_Chair/T_Desk2_BaseColor.uasset" 827
"D:/Work/Projects/GCS_FatAttack/FatAttack/Content/_Assets/Environment/School/_Materials/Desk_Chair/M_Desk_2.uasset" 828
"D:/Work/Projects/GCS_FatAttack/FatAttack/Content/_Assets/Environment/School/Furniture/SM_Desk2.uasset" 829
"D:/Work/Projects/GCS_FatAttack/FatAttack/Content/_Assets/Environment/School/_Materials/textures/Desk_Chair/T_Chair2_BaseColor.uasset" 830
"D:/Work/Projects/GCS_FatAttack/FatAttack/Content/_Assets/Environment/School/_Materials/Desk_Chair/M_Chair_2.uasset" 831
"D:/Work/Projects/GCS_FatAttack/FatAttack/Content/_Assets/Environment/School/Furniture/SM_Chair2.uasset" 832
"D:/Work/Projects/GCS_FatAttack/FatAttack/Content/_Assets/Environment/School/_Materials/textures/lambert1.uasset" 833
"D:/Work/Projects/GCS_FatAttack/FatAttack/Content/_Assets/Environment/School/Furniture/AC.uasset" 834
"D:/Work/Projects/GCS_FatAttack/FatAttack/Content/_Assets/Environment/School/column.uasset" 835
"D:/Work/Projects/GCS_FatAttack/FatAttack/Content/_Assets/Environment/Furniture/lambert4.uasset" 836
"D:/Work/Projects/GCS_FatAttack/FatAttack/Content/_Assets/Environment/Furniture/dorm_table1_2.uasset" 837
"D:/Work/Projects/GCS_FatAttack/FatAttack/Content/_Assets/Environment/Furniture/lambert3.uasset" 838
"D:/Work/Projects/GCS_FatAttack/FatAttack/Content/_Assets/Environment/Furniture/dorm_table1_1.uasset" 839
"D:/Work/Projects/GCS_FatAttack/FatAttack/Content/_Assets/Environment/Donuts.uasset" 840
"D:/Work/Projects/GCS_FatAttack/FatAttack/Content/_Maps/SchoolBlockout.umap" 841
"D:/Work/Projects/GCS_FatAttack/FatAttack/Content/_Assets/Environment/TheENd/warehouse_windows.uasset" 842
"D:/Work/Projects/GCS_FatAttack/FatAttack/Content/_Assets/Environment/TheENd/Window.uasset" 843
"D:/Work/Projects/GCS_FatAttack/FatAttack/Content/_Assets/Environment/TheENd/wall.uasset" 844
"D:/Work/Projects/GCS_FatAttack/FatAttack/Content/_Assets/Environment/TheENd/M_Apartment.uasset" 845
"D:/Work/Projects/GCS_FatAttack/FatAttack/Content/_Assets/Environment/TheENd/warehouse_main.uasset" 846
"D:/Work/Projects/GCS_FatAttack/FatAttack/Content/_Assets/Environment/TheENd/SmallCondo2.uasset" 847
"D:/Work/Projects/GCS_FatAttack/FatAttack/Content/_Assets/Environment/TheENd/Condo_piece_2.uasset" 848
"D:/Work/Projects/GCS_FatAttack/FatAttack/Content/_Assets/Environment/TheENd/Condo_piece_1.uasset" 849
"D:/Work/Projects/GCS_FatAttack/FatAttack/Content/_Assets/Environment/TheENd/apartmentbuilding.uasset" 850
"D:/Work/Projects/GCS_FatAttack/FatAttack/Content/_Assets/Enemies/GingerbreadMan/hope_this_works_Skeleton.uasset" 851
"D:/Work/Projects/GCS_FatAttack/FatAttack/Content/_Assets/Enemies/GingerbreadMan/hope_this_works_PhysicsAsset.uasset" 852
"D:/Work/Projects/GCS_FatAttack/FatAttack/Content/_Assets/Enemies/GingerbreadMan/hope_this_works_Cookie_BaseColor.uasset" 853
"D:/Work/Projects/GCS_FatAttack/FatAttack/Content/_Assets/Enemies/GingerbreadMan/Gingerbread.uasset" 854
"D:/Work/Projects/GCS_FatAttack/FatAttack/Content/_Assets/Enemies/GingerbreadMan/hope_this_works.uasset" 855
"D:/Work/Projects/GCS_FatAttack/FatAttack/Content/_Maps/TheEnd.umap" 856
"../../../Engine/Content/Maps/Entry_BuiltData.uasset" 857
"../../../Engine/Content/Maps/Entry.umap" 858
